D:\gitKraken\Lab1-Windows\Lab-1 computer network\datalink.exe b 
=========================================================================
                          Station B                                 
-------------------------------------------------------------------------
Protocol.lib, version 3.0, Build: Oct 19 2009 (jiangy@public3.bta.net.cn)
Channel: 8000 bps, 270 ms propagation delay, bit error rate 1.0E-005
Log file "D:\gitKraken\Lab1-Windows\Lab-1 computer network\datalink-B.log", TCP port 59144, debug mask 0x00
Station B is connecting station A (TCP port 59144) ... Done.
New epoch: Sat May 12 00:04:44 2018
=========================================================================
Designed by Jiang Yanjun, build: May 12 2018  00:04:22
2.591 .... 8 packets received, 7706 bps, 96.33%, Err 0 (0.0e+000)
4.727 .... 16 packets received, 7688 bps, 96.11%, Err 0 (0.0e+000)
6.742 .... 21 packets received, 6852 bps, 85.65%, Err 0 (0.0e+000)
8.906 .... 29 packets received, 7036 bps, 87.95%, Err 0 (0.0e+000)
11.075 .... 37 packets received, 7142 bps, 89.27%, Err 0 (0.0e+000)
13.234 .... 45 packets received, 7217 bps, 90.22%, Err 1 (1.0e-005)
15.399 .... 53 packets received, 7268 bps, 90.85%, Err 1 (8.6e-006)
17.591 .... 61 packets received, 7295 bps, 91.18%, Err 1 (7.5e-006)
19.737 .... 69 packets received, 7333 bps, 91.66%, Err 2 (1.3e-005)
22.770 .... 70 packets received, 6427 bps, 80.34%, Err 2 (1.2e-005)
24.941 .... 78 packets received, 6527 bps, 81.58%, Err 2 (1.1e-005)
28.760 .... 82 packets received, 5935 bps, 74.19%, Err 3 (1.4e-005)
30.921 .... 90 packets received, 6052 bps, 75.65%, Err 3 (1.3e-005)
35.024 .... 95 packets received, 5630 bps, 70.37%, Err 5 (2.0e-005)
37.677 .... 102 packets received, 5614 bps, 70.17%, Err 5 (1.9e-005)
39.841 .... 110 packets received, 5721 bps, 71.52%, Err 5 (1.7e-005)
42.015 .... 118 packets received, 5816 bps, 72.70%, Err 5 (1.6e-005)
44.172 .... 126 packets received, 5904 bps, 73.80%, Err 5 (1.6e-005)
46.345 .... 134 packets received, 5982 bps, 74.77%, Err 5 (1.5e-005)
48.515 .... 142 packets received, 6052 bps, 75.65%, Err 5 (1.4e-005)
53.434 .... 150 packets received, 5800 bps, 72.50%, Err 6 (1.5e-005)
55.608 .... 158 packets received, 5868 bps, 73.35%, Err 6 (1.5e-005)
57.770 .... 166 packets received, 5933 bps, 74.16%, Err 6 (1.4e-005)
59.930 .... 174 packets received, 5993 bps, 74.91%, Err 6 (1.4e-005)
62.089 .... 182 packets received, 6049 bps, 75.61%, Err 6 (1.3e-005)
64.276 .... 190 packets received, 6098 bps, 76.23%, Err 6 (1.3e-005)
66.426 .... 198 packets received, 6148 bps, 76.85%, Err 6 (1.2e-005)
68.607 .... 204 packets received, 6131 bps, 76.64%, Err 6 (1.2e-005)
70.762 .... 212 packets received, 6176 bps, 77.20%, Err 6 (1.1e-005)
72.930 .... 220 packets received, 6218 bps, 77.72%, Err 6 (1.1e-005)
75.100 .... 228 packets received, 6256 bps, 78.20%, Err 6 (1.1e-005)
77.281 .... 236 packets received, 6292 bps, 78.65%, Err 6 (1.0e-005)
79.445 .... 244 packets received, 6327 bps, 79.09%, Err 6 (1.0e-005)
81.615 .... 252 packets received, 6360 bps, 79.50%, Err 6 (9.9e-006)
83.789 .... 260 packets received, 6390 bps, 79.88%, Err 6 (9.6e-006)
85.950 .... 268 packets received, 6421 bps, 80.26%, Err 6 (9.3e-006)
88.107 .... 276 packets received, 6450 bps, 80.62%, Err 6 (9.1e-006)
93.030 .... 284 packets received, 6283 bps, 78.54%, Err 7 (1.0e-005)
95.187 .... 292 packets received, 6313 bps, 78.92%, Err 7 (9.8e-006)
99.014 .... 296 packets received, 6151 bps, 76.89%, Err 8 (1.1e-005)
101.171 .... 304 packets received, 6182 bps, 77.28%, Err 9 (1.2e-005)
105.517 .... 310 packets received, 6043 bps, 75.54%, Err 10 (1.3e-005)
107.681 .... 318 packets received, 6074 bps, 75.93%, Err 10 (1.3e-005)
109.782 .... 326 packets received, 6107 bps, 76.34%, Err 10 (1.2e-005)
111.907 .... 334 packets received, 6138 bps, 76.73%, Err 10 (1.2e-005)
114.019 .... 342 packets received, 6168 bps, 77.10%, Err 10 (1.2e-005)
116.124 .... 350 packets received, 6198 bps, 77.47%, Err 10 (1.2e-005)
118.235 .... 358 packets received, 6226 bps, 77.82%, Err 10 (1.1e-005)
120.348 .... 366 packets received, 6252 bps, 78.16%, Err 10 (1.1e-005)
122.468 .... 374 packets received, 6278 bps, 78.48%, Err 10 (1.1e-005)
124.579 .... 382 packets received, 6303 bps, 78.79%, Err 10 (1.1e-005)
126.694 .... 390 packets received, 6328 bps, 79.09%, Err 10 (1.1e-005)
128.809 .... 398 packets received, 6351 bps, 79.39%, Err 10 (1.0e-005)
130.916 .... 406 packets received, 6374 bps, 79.67%, Err 10 (1.0e-005)
133.035 .... 414 packets received, 6396 bps, 79.95%, Err 10 (1.0e-005)
137.641 .... 421 packets received, 6285 bps, 78.57%, Err 11 (1.1e-005)
139.784 .... 429 packets received, 6306 bps, 78.83%, Err 11 (1.1e-005)
141.912 .... 437 packets received, 6327 bps, 79.09%, Err 11 (1.0e-005)
144.014 .... 445 packets received, 6349 bps, 79.36%, Err 11 (1.0e-005)
146.144 .... 453 packets received, 6368 bps, 79.61%, Err 11 (1.0e-005)
148.243 .... 461 packets received, 6389 bps, 79.86%, Err 11 (9.9e-006)
150.364 .... 469 packets received, 6408 bps, 80.10%, Err 11 (9.7e-006)
152.476 .... 477 packets received, 6426 bps, 80.33%, Err 11 (9.6e-006)
154.590 .... 485 packets received, 6445 bps, 80.56%, Err 11 (9.4e-006)
156.700 .... 493 packets received, 6462 bps, 80.78%, Err 11 (9.3e-006)
158.813 .... 501 packets received, 6480 bps, 81.00%, Err 11 (9.2e-006)
163.156 .... 507 packets received, 6382 bps, 79.78%, Err 12 (9.8e-006)
166.967 .... 511 packets received, 6285 bps, 78.57%, Err 13 (1.0e-005)
169.110 .... 519 packets received, 6303 bps, 78.78%, Err 13 (1.0e-005)
171.234 .... 527 packets received, 6320 bps, 79.00%, Err 13 (1.0e-005)
173.343 .... 535 packets received, 6338 bps, 79.22%, Err 13 (1.0e-005)
177.409 .... 540 packets received, 6250 bps, 78.13%, Err 14 (1.1e-005)
179.570 .... 548 packets received, 6266 bps, 78.33%, Err 14 (1.0e-005)
181.671 .... 556 packets received, 6284 bps, 78.55%, Err 14 (1.0e-005)
185.218 .... 559 packets received, 6197 bps, 77.46%, Err 15 (1.1e-005)
187.375 .... 567 packets received, 6213 bps, 77.66%, Err 15 (1.1e-005)
189.503 .... 575 packets received, 6229 bps, 77.87%, Err 15 (1.1e-005)
191.611 .... 583 packets received, 6246 bps, 78.08%, Err 15 (1.0e-005)
193.722 .... 591 packets received, 6263 bps, 78.29%, Err 15 (1.0e-005)
195.845 .... 599 packets received, 6279 bps, 78.49%, Err 15 (1.0e-005)
197.946 .... 607 packets received, 6295 bps, 78.69%, Err 15 (1.0e-005)
200.047 .... 615 packets received, 6311 bps, 78.88%, Err 15 (1.0e-005)
202.211 .... 623 packets received, 6324 bps, 79.05%, Err 15 (9.9e-006)
204.383 .... 631 packets received, 6337 bps, 79.22%, Err 15 (9.8e-006)
206.536 .... 639 packets received, 6351 bps, 79.38%, Err 15 (9.7e-006)
208.707 .... 647 packets received, 6363 bps, 79.54%, Err 15 (9.6e-006)
210.887 .... 655 packets received, 6375 bps, 79.69%, Err 15 (9.4e-006)
213.027 .... 663 packets received, 6388 bps, 79.85%, Err 15 (9.3e-006)
215.209 .... 669 packets received, 6380 bps, 79.75%, Err 15 (9.3e-006)
217.375 .... 677 packets received, 6392 bps, 79.90%, Err 15 (9.2e-006)
220.105 .... 685 packets received, 6387 bps, 79.84%, Err 15 (9.1e-006)
222.273 .... 693 packets received, 6399 bps, 79.98%, Err 15 (9.0e-006)
224.441 .... 701 packets received, 6410 bps, 80.12%, Err 15 (8.9e-006)
226.604 .... 709 packets received, 6421 bps, 80.26%, Err 15 (8.8e-006)
228.781 .... 717 packets received, 6432 bps, 80.39%, Err 15 (8.7e-006)
230.940 .... 725 packets received, 6442 bps, 80.53%, Err 15 (8.6e-006)
233.100 .... 733 packets received, 6453 bps, 80.66%, Err 15 (8.5e-006)
235.279 .... 741 packets received, 6463 bps, 80.79%, Err 15 (8.5e-006)
237.441 .... 749 packets received, 6473 bps, 80.91%, Err 15 (8.4e-006)
239.627 .... 757 packets received, 6482 bps, 81.03%, Err 15 (8.3e-006)
241.767 .... 765 packets received, 6493 bps, 81.16%, Err 15 (8.2e-006)
243.956 .... 773 packets received, 6502 bps, 81.27%, Err 15 (8.1e-006)
246.116 .... 781 packets received, 6511 bps, 81.39%, Err 15 (8.1e-006)
248.290 .... 789 packets received, 6520 bps, 81.50%, Err 15 (8.0e-006)
250.466 .... 797 packets received, 6529 bps, 81.61%, Err 15 (7.9e-006)
252.618 .... 805 packets received, 6538 bps, 81.73%, Err 15 (7.8e-006)
256.155 .... 808 packets received, 6472 bps, 80.90%, Err 16 (8.3e-006)
258.322 .... 816 packets received, 6481 bps, 81.01%, Err 16 (8.2e-006)
260.477 .... 824 packets received, 6490 bps, 81.13%, Err 16 (8.1e-006)
262.652 .... 832 packets received, 6499 bps, 81.24%, Err 16 (8.1e-006)
264.820 .... 840 packets received, 6508 bps, 81.35%, Err 16 (8.0e-006)
266.983 .... 848 packets received, 6516 bps, 81.45%, Err 16 (7.9e-006)
269.149 .... 856 packets received, 6525 bps, 81.56%, Err 16 (7.8e-006)
272.458 .... 858 packets received, 6460 bps, 80.76%, Err 17 (8.3e-006)
274.625 .... 866 packets received, 6469 bps, 80.86%, Err 17 (8.2e-006)
276.776 .... 874 packets received, 6478 bps, 80.98%, Err 17 (8.1e-006)
278.953 .... 882 packets received, 6486 bps, 81.08%, Err 17 (8.1e-006)
281.115 .... 890 packets received, 6495 bps, 81.18%, Err 17 (8.0e-006)
283.281 .... 898 packets received, 6503 bps, 81.29%, Err 17 (7.9e-006)
285.457 .... 906 packets received, 6511 bps, 81.38%, Err 17 (7.9e-006)
287.634 .... 914 packets received, 6518 bps, 81.48%, Err 17 (7.8e-006)
289.788 .... 922 packets received, 6526 bps, 81.58%, Err 17 (7.7e-006)
291.953 .... 928 packets received, 6520 bps, 81.50%, Err 17 (7.7e-006)
296.606 .... 935 packets received, 6466 bps, 80.83%, Err 18 (8.0e-006)
298.772 .... 943 packets received, 6474 bps, 80.93%, Err 18 (8.0e-006)
300.910 .... 951 packets received, 6483 bps, 81.03%, Err 18 (7.9e-006)
303.025 .... 959 packets received, 6491 bps, 81.14%, Err 18 (7.9e-006)
305.156 .... 967 packets received, 6500 bps, 81.25%, Err 18 (7.8e-006)
307.267 .... 975 packets received, 6508 bps, 81.36%, Err 18 (7.7e-006)
309.379 .... 983 packets received, 6517 bps, 81.46%, Err 18 (7.7e-006)
311.505 .... 991 packets received, 6525 bps, 81.56%, Err 18 (7.6e-006)
313.603 .... 999 packets received, 6534 bps, 81.67%, Err 18 (7.6e-006)
315.730 .... 1007 packets received, 6542 bps, 81.77%, Err 18 (7.5e-006)
317.829 .... 1015 packets received, 6550 bps, 81.87%, Err 18 (7.5e-006)
321.651 .... 1019 packets received, 6498 bps, 81.22%, Err 19 (7.8e-006)
323.813 .... 1027 packets received, 6505 bps, 81.31%, Err 19 (7.8e-006)
327.096 .... 1029 packets received, 6452 bps, 80.65%, Err 21 (8.5e-006)
334.755 .... 1037 packets received, 6353 bps, 79.41%, Err 23 (9.1e-006)
336.915 .... 1045 packets received, 6361 bps, 79.51%, Err 23 (9.1e-006)
339.021 .... 1053 packets received, 6370 bps, 79.62%, Err 23 (9.0e-006)
341.131 .... 1061 packets received, 6378 bps, 79.73%, Err 23 (9.0e-006)
343.261 .... 1069 packets received, 6387 bps, 79.83%, Err 23 (8.9e-006)
345.369 .... 1077 packets received, 6395 bps, 79.94%, Err 23 (8.8e-006)
347.479 .... 1085 packets received, 6403 bps, 80.04%, Err 23 (8.8e-006)
349.588 .... 1093 packets received, 6412 bps, 80.15%, Err 23 (8.7e-006)
351.697 .... 1101 packets received, 6420 bps, 80.25%, Err 23 (8.7e-006)
356.299 .... 1108 packets received, 6377 bps, 79.71%, Err 24 (8.9e-006)
358.438 .... 1116 packets received, 6385 bps, 79.81%, Err 24 (8.9e-006)
360.561 .... 1124 packets received, 6393 bps, 79.91%, Err 24 (8.8e-006)
364.367 .... 1128 packets received, 6348 bps, 79.35%, Err 25 (9.1e-006)
366.530 .... 1136 packets received, 6356 bps, 79.44%, Err 26 (9.4e-006)
368.640 .... 1144 packets received, 6364 bps, 79.54%, Err 26 (9.4e-006)
370.768 .... 1152 packets received, 6371 bps, 79.64%, Err 26 (9.3e-006)
372.875 .... 1160 packets received, 6379 bps, 79.74%, Err 26 (9.3e-006)
377.742 .... 1168 packets received, 6340 bps, 79.25%, Err 27 (9.5e-006)
379.903 .... 1176 packets received, 6347 bps, 79.34%, Err 27 (9.4e-006)
382.008 .... 1184 packets received, 6355 bps, 79.44%, Err 27 (9.4e-006)
384.139 .... 1192 packets received, 6363 bps, 79.53%, Err 27 (9.3e-006)
386.236 .... 1200 packets received, 6371 bps, 79.63%, Err 28 (9.6e-006)
389.245 .... 1201 packets received, 6327 bps, 79.08%, Err 28 (9.6e-006)
391.397 .... 1209 packets received, 6334 bps, 79.17%, Err 28 (9.5e-006)
395.746 .... 1215 packets received, 6295 bps, 78.69%, Err 30 (1.0e-005)
397.895 .... 1223 packets received, 6302 bps, 78.78%, Err 30 (1.0e-005)
402.762 .... 1231 packets received, 6267 bps, 78.33%, Err 31 (1.0e-005)
407.402 .... 1238 packets received, 6231 bps, 77.88%, Err 32 (1.0e-005)
409.571 .... 1246 packets received, 6238 bps, 77.97%, Err 32 (1.0e-005)
411.669 .... 1252 packets received, 6236 bps, 77.94%, Err 33 (1.1e-005)
414.980 .... 1254 packets received, 6196 bps, 77.45%, Err 34 (1.1e-005)
417.153 .... 1262 packets received, 6203 bps, 77.53%, Err 34 (1.1e-005)
419.318 .... 1270 packets received, 6210 bps, 77.62%, Err 34 (1.1e-005)
421.480 .... 1278 packets received, 6217 bps, 77.71%, Err 34 (1.1e-005)
423.639 .... 1286 packets received, 6224 bps, 77.80%, Err 34 (1.1e-005)
426.938 .... 1288 packets received, 6185 bps, 77.32%, Err 35 (1.1e-005)
429.095 .... 1296 packets received, 6192 bps, 77.40%, Err 35 (1.1e-005)
431.244 .... 1304 packets received, 6199 bps, 77.49%, Err 35 (1.1e-005)
433.424 .... 1312 packets received, 6206 bps, 77.58%, Err 35 (1.1e-005)
435.588 .... 1320 packets received, 6213 bps, 77.66%, Err 35 (1.1e-005)
437.752 .... 1328 packets received, 6220 bps, 77.74%, Err 35 (1.1e-005)
439.930 .... 1336 packets received, 6226 bps, 77.83%, Err 35 (1.1e-005)
444.301 .... 1342 packets received, 6192 bps, 77.41%, Err 36 (1.1e-005)
446.459 .... 1350 packets received, 6199 bps, 77.49%, Err 36 (1.1e-005)
448.620 .... 1358 packets received, 6206 bps, 77.57%, Err 36 (1.1e-005)
450.768 .... 1364 packets received, 6204 bps, 77.54%, Err 36 (1.1e-005)
452.932 .... 1372 packets received, 6210 bps, 77.63%, Err 36 (1.1e-005)
455.096 .... 1380 packets received, 6217 bps, 77.71%, Err 36 (1.1e-005)
457.261 .... 1388 packets received, 6223 bps, 77.79%, Err 36 (1.1e-005)
459.418 .... 1396 packets received, 6229 bps, 77.87%, Err 36 (1.0e-005)
461.630 .... 1402 packets received, 6226 bps, 77.83%, Err 36 (1.0e-005)
463.808 .... 1410 packets received, 6232 bps, 77.90%, Err 36 (1.0e-005)
465.932 .... 1418 packets received, 6239 bps, 77.99%, Err 36 (1.0e-005)
468.160 .... 1424 packets received, 6236 bps, 77.94%, Err 36 (1.0e-005)
470.321 .... 1432 packets received, 6242 bps, 78.02%, Err 36 (1.0e-005)
472.489 .... 1440 packets received, 6248 bps, 78.10%, Err 36 (1.0e-005)
474.685 .... 1446 packets received, 6245 bps, 78.06%, Err 36 (1.0e-005)
476.849 .... 1454 packets received, 6251 bps, 78.14%, Err 36 (1.0e-005)
479.028 .... 1462 packets received, 6257 bps, 78.21%, Err 36 (1.0e-005)
481.151 .... 1470 packets received, 6263 bps, 78.29%, Err 36 (1.0e-005)
483.380 .... 1476 packets received, 6260 bps, 78.24%, Err 36 (1.0e-005)
488.300 .... 1484 packets received, 6230 bps, 77.88%, Err 37 (1.0e-005)
490.442 .... 1492 packets received, 6236 bps, 77.95%, Err 37 (1.0e-005)
492.606 .... 1500 packets received, 6242 bps, 78.03%, Err 37 (1.0e-005)
494.767 .... 1508 packets received, 6248 bps, 78.10%, Err 37 (1.0e-005)
496.963 .... 1516 packets received, 6253 bps, 78.17%, Err 37 (1.0e-005)
499.128 .... 1524 packets received, 6259 bps, 78.24%, Err 37 (9.9e-006)
501.278 .... 1532 packets received, 6265 bps, 78.31%, Err 37 (9.9e-006)
503.440 .... 1538 packets received, 6262 bps, 78.28%, Err 37 (9.8e-006)
507.816 .... 1544 packets received, 6233 bps, 77.91%, Err 38 (1.0e-005)
512.479 .... 1551 packets received, 6204 bps, 77.55%, Err 39 (1.0e-005)
514.621 .... 1559 packets received, 6210 bps, 77.62%, Err 39 (1.0e-005)
516.744 .... 1567 packets received, 6216 bps, 77.70%, Err 39 (1.0e-005)
521.092 .... 1573 packets received, 6188 bps, 77.35%, Err 40 (1.0e-005)
523.231 .... 1581 packets received, 6194 bps, 77.42%, Err 40 (1.0e-005)
525.354 .... 1589 packets received, 6200 bps, 77.50%, Err 40 (1.0e-005)
527.457 .... 1597 packets received, 6206 bps, 77.58%, Err 40 (1.0e-005)
529.586 .... 1605 packets received, 6212 bps, 77.65%, Err 40 (1.0e-005)
531.671 .... 1613 packets received, 6219 bps, 77.73%, Err 40 (1.0e-005)
533.815 .... 1621 packets received, 6224 bps, 77.81%, Err 40 (1.0e-005)
535.934 .... 1629 packets received, 6230 bps, 77.88%, Err 40 (1.0e-005)
538.036 .... 1637 packets received, 6237 bps, 77.96%, Err 40 (1.0e-005)
540.144 .... 1645 packets received, 6243 bps, 78.03%, Err 40 (9.9e-006)
545.028 .... 1653 packets received, 6217 bps, 77.71%, Err 41 (1.0e-005)
547.180 .... 1661 packets received, 6222 bps, 77.78%, Err 41 (1.0e-005)
549.282 .... 1669 packets received, 6228 bps, 77.85%, Err 41 (1.0e-005)
551.398 .... 1677 packets received, 6234 bps, 77.92%, Err 41 (1.0e-005)
553.507 .... 1685 packets received, 6240 bps, 78.00%, Err 41 (9.9e-006)
555.628 .... 1693 packets received, 6245 bps, 78.07%, Err 41 (9.9e-006)
560.226 .... 1700 packets received, 6220 bps, 77.75%, Err 42 (1.0e-005)
562.369 .... 1708 packets received, 6225 bps, 77.82%, Err 42 (1.0e-005)
564.494 .... 1716 packets received, 6231 bps, 77.89%, Err 43 (1.0e-005)
567.502 .... 1717 packets received, 6201 bps, 77.52%, Err 43 (1.0e-005)
569.655 .... 1725 packets received, 6207 bps, 77.58%, Err 43 (1.0e-005)
574.252 .... 1732 packets received, 6182 bps, 77.27%, Err 44 (1.0e-005)
576.404 .... 1740 packets received, 6187 bps, 77.34%, Err 44 (1.0e-005)
578.506 .... 1748 packets received, 6193 bps, 77.41%, Err 44 (1.0e-005)
580.628 .... 1756 packets received, 6199 bps, 77.48%, Err 44 (1.0e-005)
582.743 .... 1764 packets received, 6204 bps, 77.55%, Err 44 (1.0e-005)
584.851 .... 1772 packets received, 6210 bps, 77.63%, Err 44 (1.0e-005)
586.972 .... 1780 packets received, 6216 bps, 77.69%, Err 44 (1.0e-005)
589.078 .... 1788 packets received, 6221 bps, 77.76%, Err 44 (1.0e-005)
591.200 .... 1796 packets received, 6226 bps, 77.83%, Err 44 (1.0e-005)
593.302 .... 1804 packets received, 6232 bps, 77.90%, Err 44 (9.9e-006)
595.433 .... 1812 packets received, 6237 bps, 77.97%, Err 44 (9.9e-006)
597.549 .... 1820 packets received, 6243 bps, 78.03%, Err 44 (9.9e-006)
599.649 .... 1828 packets received, 6248 bps, 78.10%, Err 44 (9.8e-006)
601.763 .... 1836 packets received, 6253 bps, 78.17%, Err 44 (9.8e-006)
603.879 .... 1844 packets received, 6259 bps, 78.23%, Err 44 (9.7e-006)
605.995 .... 1852 packets received, 6264 bps, 78.30%, Err 44 (9.7e-006)
608.112 .... 1860 packets received, 6269 bps, 78.36%, Err 44 (9.7e-006)
610.210 .... 1868 packets received, 6274 bps, 78.43%, Err 44 (9.6e-006)
612.325 .... 1876 packets received, 6279 bps, 78.49%, Err 44 (9.6e-006)
614.440 .... 1884 packets received, 6284 bps, 78.55%, Err 44 (9.6e-006)
618.503 .... 1889 packets received, 6260 bps, 78.25%, Err 45 (9.7e-006)
622.330 .... 1893 packets received, 6234 bps, 77.93%, Err 46 (9.9e-006)
626.659 .... 1899 packets received, 6211 bps, 77.63%, Err 47 (1.0e-005)
628.833 .... 1907 packets received, 6215 bps, 77.69%, Err 47 (1.0e-005)
635.409 .... 1911 packets received, 6164 bps, 77.05%, Err 50 (1.1e-005)
637.560 .... 1919 packets received, 6169 bps, 77.11%, Err 50 (1.1e-005)
639.720 .... 1927 packets received, 6174 bps, 77.17%, Err 51 (1.1e-005)
643.291 .... 1930 packets received, 6149 bps, 76.86%, Err 52 (1.1e-005)
645.467 .... 1938 packets received, 6154 bps, 76.92%, Err 52 (1.1e-005)
647.624 .... 1946 packets received, 6158 bps, 76.98%, Err 52 (1.1e-005)
649.797 .... 1954 packets received, 6163 bps, 77.04%, Err 52 (1.1e-005)
651.940 .... 1962 packets received, 6168 bps, 77.10%, Err 52 (1.1e-005)
654.103 .... 1968 packets received, 6166 bps, 77.08%, Err 52 (1.1e-005)
656.284 .... 1976 packets received, 6171 bps, 77.13%, Err 52 (1.1e-005)
660.928 .... 1983 packets received, 6149 bps, 76.86%, Err 53 (1.1e-005)
663.087 .... 1991 packets received, 6154 bps, 76.92%, Err 53 (1.1e-005)
665.234 .... 1999 packets received, 6158 bps, 76.98%, Err 53 (1.1e-005)
667.398 .... 2007 packets received, 6163 bps, 77.04%, Err 53 (1.1e-005)
669.580 .... 2015 packets received, 6167 bps, 77.09%, Err 53 (1.1e-005)
671.743 .... 2023 packets received, 6172 bps, 77.15%, Err 53 (1.1e-005)
673.906 .... 2031 packets received, 6176 bps, 77.21%, Err 53 (1.1e-005)
676.071 .... 2039 packets received, 6181 bps, 77.26%, Err 53 (1.1e-005)
678.250 .... 2047 packets received, 6185 bps, 77.32%, Err 53 (1.0e-005)
680.412 .... 2055 packets received, 6190 bps, 77.37%, Err 53 (1.0e-005)
682.567 .... 2063 packets received, 6194 bps, 77.43%, Err 53 (1.0e-005)
684.761 .... 2069 packets received, 6192 bps, 77.40%, Err 53 (1.0e-005)
686.927 .... 2077 packets received, 6197 bps, 77.46%, Err 53 (1.0e-005)
689.093 .... 2085 packets received, 6201 bps, 77.51%, Err 53 (1.0e-005)
691.258 .... 2093 packets received, 6205 bps, 77.56%, Err 53 (1.0e-005)
693.435 .... 2101 packets received, 6209 bps, 77.62%, Err 53 (1.0e-005)
695.605 .... 2109 packets received, 6213 bps, 77.67%, Err 53 (1.0e-005)
697.758 .... 2117 packets received, 6218 bps, 77.72%, Err 53 (1.0e-005)
699.880 .... 2125 packets received, 6222 bps, 77.78%, Err 53 (1.0e-005)
704.344 .... 2129 packets received, 6195 bps, 77.43%, Err 54 (1.0e-005)
706.488 .... 2137 packets received, 6199 bps, 77.49%, Err 54 (1.0e-005)
708.604 .... 2145 packets received, 6204 bps, 77.54%, Err 54 (1.0e-005)
710.722 .... 2153 packets received, 6208 bps, 77.60%, Err 54 (1.0e-005)
715.577 .... 2161 packets received, 6189 bps, 77.36%, Err 55 (1.0e-005)
717.731 .... 2169 packets received, 6193 bps, 77.41%, Err 55 (1.0e-005)
719.844 .... 2177 packets received, 6198 bps, 77.47%, Err 55 (1.0e-005)
721.965 .... 2185 packets received, 6202 bps, 77.53%, Err 55 (1.0e-005)
725.501 .... 2188 packets received, 6180 bps, 77.26%, Err 57 (1.1e-005)
727.639 .... 2196 packets received, 6185 bps, 77.31%, Err 57 (1.1e-005)
729.748 .... 2204 packets received, 6189 bps, 77.37%, Err 57 (1.0e-005)
734.103 .... 2210 packets received, 6169 bps, 77.12%, Err 59 (1.1e-005)
738.734 .... 2217 packets received, 6150 bps, 76.88%, Err 60 (1.1e-005)
740.897 .... 2225 packets received, 6154 bps, 76.93%, Err 60 (1.1e-005)
743.003 .... 2233 packets received, 6159 bps, 76.99%, Err 60 (1.1e-005)
745.124 .... 2241 packets received, 6163 bps, 77.04%, Err 60 (1.1e-005)
748.934 .... 2245 packets received, 6143 bps, 76.79%, Err 61 (1.1e-005)
751.103 .... 2253 packets received, 6147 bps, 76.84%, Err 61 (1.1e-005)
753.213 .... 2261 packets received, 6151 bps, 76.89%, Err 61 (1.1e-005)
755.318 .... 2269 packets received, 6156 bps, 76.95%, Err 61 (1.1e-005)
757.432 .... 2277 packets received, 6161 bps, 77.01%, Err 61 (1.1e-005)
759.540 .... 2285 packets received, 6165 bps, 77.06%, Err 61 (1.1e-005)
761.653 .... 2293 packets received, 6169 bps, 77.12%, Err 61 (1.1e-005)
765.462 .... 2297 packets received, 6149 bps, 76.87%, Err 62 (1.1e-005)
767.622 .... 2305 packets received, 6153 bps, 76.92%, Err 62 (1.1e-005)
772.500 .... 2313 packets received, 6136 bps, 76.70%, Err 63 (1.1e-005)
774.641 .... 2321 packets received, 6140 bps, 76.75%, Err 63 (1.1e-005)
776.771 .... 2329 packets received, 6144 bps, 76.80%, Err 63 (1.1e-005)
778.894 .... 2337 packets received, 6149 bps, 76.86%, Err 63 (1.1e-005)
