D:\gitKraken\Lab1-Windows\Lab-1 computer network\datalink.exe af -ber 1e-4 -port 1000 
=========================================================================
                          Station A                                 
-------------------------------------------------------------------------
Protocol.lib, version 3.0, Build: Oct 19 2009 (jiangy@public3.bta.net.cn)
Channel: 8000 bps, 270 ms propagation delay, bit error rate 1.0E-004
Log file "D:\gitKraken\Lab1-Windows\Lab-1 computer network\datalink-A.log", TCP port 1000, debug mask 0x00
Station A is waiting for station B on TCP port 1000 ... Done.
New epoch: Sat May 12 20:23:26 2018
=========================================================================
Designed by Jiang Yanjun, build: May 12 2018  19:52:43
3.537 .... 2 packets received, 1258 bps, 15.73%, Err 4 (1.4e-004)
6.233 .... 7 packets received, 2409 bps, 30.11%, Err 5 (1.0e-004)
9.620 .... 9 packets received, 1974 bps, 24.67%, Err 7 (1.0e-004)
11.764 .... 11 packets received, 1962 bps, 24.53%, Err 7 (8.1e-005)
19.812 .... 13 packets received, 1363 bps, 17.04%, Err 20 (1.3e-004)
33.405 .... 20 packets received, 1237 bps, 15.46%, Err 27 (1.0e-004)
37.251 .... 25 packets received, 1385 bps, 17.31%, Err 31 (1.1e-004)
40.585 .... 27 packets received, 1372 bps, 17.15%, Err 33 (1.1e-004)
43.807 .... 28 packets received, 1317 bps, 16.47%, Err 33 (1.0e-004)
47.369 .... 31 packets received, 1348 bps, 16.85%, Err 34 (9.7e-005)
49.833 .... 35 packets received, 1447 bps, 18.08%, Err 35 (9.4e-005)
52.068 .... 42 packets received, 1661 bps, 20.76%, Err 36 (9.3e-005)
54.237 .... 45 packets received, 1708 bps, 21.35%, Err 37 (9.2e-005)
56.655 .... 48 packets received, 1744 bps, 21.80%, Err 40 (9.5e-005)
59.355 .... 50 packets received, 1733 bps, 21.67%, Err 44 (9.9e-005)
61.591 .... 53 packets received, 1770 bps, 22.13%, Err 45 (9.7e-005)
65.648 .... 58 packets received, 1817 bps, 22.72%, Err 49 (1.0e-004)
68.784 .... 61 packets received, 1824 bps, 22.80%, Err 50 (9.8e-005)
70.943 .... 66 packets received, 1913 bps, 23.91%, Err 52 (9.9e-005)
76.388 .... 68 packets received, 1830 bps, 22.87%, Err 53 (9.4e-005)
79.928 .... 74 packets received, 1903 bps, 23.79%, Err 55 (9.3e-005)
83.728 .... 78 packets received, 1914 bps, 23.93%, Err 57 (9.3e-005)
87.720 .... 80 packets received, 1874 bps, 23.42%, Err 59 (9.2e-005)
92.621 .... 86 packets received, 1907 bps, 23.84%, Err 65 (9.6e-005)
95.651 .... 87 packets received, 1868 bps, 23.35%, Err 68 (9.8e-005)
98.361 .... 88 packets received, 1838 bps, 22.97%, Err 70 (9.8e-005)
101.296 .... 92 packets received, 1865 bps, 23.32%, Err 73 (9.9e-005)
108.680 .... 94 packets received, 1776 bps, 22.20%, Err 81 (1.0e-004)
111.974 .... 95 packets received, 1742 bps, 21.77%, Err 84 (1.0e-004)
114.874 .... 99 packets received, 1769 bps, 22.12%, Err 88 (1.0e-004)
126.714 .... 101 packets received, 1636 bps, 20.45%, Err 105 (1.1e-004)
128.841 .... 103 packets received, 1641 bps, 20.51%, Err 106 (1.1e-004)
133.444 .... 108 packets received, 1661 bps, 20.76%, Err 108 (1.1e-004)
135.555 .... 116 packets received, 1756 bps, 21.95%, Err 108 (1.1e-004)
138.863 .... 118 packets received, 1744 bps, 21.80%, Err 109 (1.1e-004)
141.250 .... 120 packets received, 1743 bps, 21.79%, Err 111 (1.1e-004)
144.021 .... 125 packets received, 1781 bps, 22.26%, Err 112 (1.1e-004)
147.049 .... 126 packets received, 1758 bps, 21.98%, Err 114 (1.1e-004)
149.476 .... 127 packets received, 1743 bps, 21.79%, Err 116 (1.1e-004)
156.016 .... 133 packets received, 1749 bps, 21.86%, Err 119 (1.0e-004)
163.434 .... 140 packets received, 1757 bps, 21.97%, Err 121 (1.0e-004)
165.613 .... 145 packets received, 1796 bps, 22.45%, Err 123 (1.0e-004)
167.777 .... 146 packets received, 1785 bps, 22.31%, Err 127 (1.0e-004)
169.946 .... 150 packets received, 1811 bps, 22.63%, Err 128 (1.0e-004)
174.316 .... 155 packets received, 1824 bps, 22.80%, Err 133 (1.0e-004)
182.793 .... 162 packets received, 1818 bps, 22.72%, Err 139 (1.0e-004)
185.734 .... 166 packets received, 1833 bps, 22.91%, Err 140 (1.0e-004)
187.876 .... 174 packets received, 1900 bps, 23.74%, Err 140 (1.0e-004)
190.196 .... 181 packets received, 1952 bps, 24.40%, Err 140 (1.0e-004)
193.071 .... 183 packets received, 1944 bps, 24.30%, Err 144 (1.0e-004)
195.232 .... 188 packets received, 1975 bps, 24.69%, Err 145 (1.0e-004)
200.155 .... 191 packets received, 1957 bps, 24.46%, Err 151 (1.0e-004)
202.865 .... 193 packets received, 1951 bps, 24.39%, Err 152 (1.0e-004)
205.437 .... 195 packets received, 1947 bps, 24.33%, Err 155 (1.0e-004)
207.601 .... 198 packets received, 1956 bps, 24.45%, Err 155 (1.0e-004)
210.612 .... 200 packets received, 1947 bps, 24.34%, Err 156 (1.0e-004)
215.251 .... 207 packets received, 1972 bps, 24.65%, Err 158 (1.0e-004)
217.427 .... 209 packets received, 1971 bps, 24.64%, Err 159 (1.0e-004)
219.590 .... 212 packets received, 1980 bps, 24.75%, Err 159 (9.9e-005)
223.137 .... 220 packets received, 2022 bps, 25.27%, Err 161 (9.9e-005)
226.394 .... 222 packets received, 2011 bps, 25.13%, Err 166 (1.0e-004)
230.485 .... 227 packets received, 2020 bps, 25.24%, Err 168 (9.9e-005)
237.579 .... 233 packets received, 2011 bps, 25.14%, Err 174 (1.0e-004)
239.802 .... 236 packets received, 2018 bps, 25.22%, Err 175 (1.0e-004)
242.706 .... 240 packets received, 2028 bps, 25.34%, Err 177 (1.0e-004)
244.911 .... 243 packets received, 2034 bps, 25.43%, Err 179 (1.0e-004)
248.192 .... 248 packets received, 2049 bps, 25.61%, Err 183 (1.0e-004)
254.186 .... 251 packets received, 2025 bps, 25.31%, Err 189 (1.0e-004)
257.082 .... 255 packets received, 2034 bps, 25.42%, Err 190 (1.0e-004)
264.611 .... 258 packets received, 1999 bps, 24.99%, Err 195 (1.0e-004)
269.101 .... 263 packets received, 2004 bps, 25.05%, Err 198 (1.0e-004)
271.291 .... 267 packets received, 2018 bps, 25.22%, Err 199 (1.0e-004)
274.810 .... 272 packets received, 2029 bps, 25.36%, Err 203 (1.0e-004)
280.596 .... 273 packets received, 1995 bps, 24.93%, Err 205 (1.0e-004)
282.713 .... 275 packets received, 1994 bps, 24.93%, Err 205 (9.9e-005)
290.383 .... 280 packets received, 1977 bps, 24.71%, Err 211 (9.9e-005)
294.249 .... 286 packets received, 1992 bps, 24.91%, Err 213 (9.9e-005)
298.624 .... 287 packets received, 1970 bps, 24.63%, Err 220 (1.0e-004)
302.993 .... 289 packets received, 1955 bps, 24.44%, Err 222 (1.0e-004)
306.703 .... 291 packets received, 1945 bps, 24.31%, Err 227 (1.0e-004)
311.922 .... 295 packets received, 1939 bps, 24.23%, Err 229 (1.0e-004)
316.438 .... 300 packets received, 1943 bps, 24.29%, Err 233 (1.0e-004)
319.236 .... 301 packets received, 1933 bps, 24.16%, Err 236 (1.0e-004)
324.930 .... 308 packets received, 1943 bps, 24.29%, Err 239 (1.0e-004)
328.723 .... 315 packets received, 1964 bps, 24.55%, Err 241 (9.9e-005)
331.985 .... 319 packets received, 1970 bps, 24.62%, Err 245 (1.0e-004)
334.123 .... 323 packets received, 1981 bps, 24.77%, Err 246 (1.0e-004)
337.346 .... 327 packets received, 1987 bps, 24.84%, Err 248 (9.9e-005)
340.532 .... 332 packets received, 1998 bps, 24.98%, Err 252 (1.0e-004)
342.778 .... 334 packets received, 1997 bps, 24.96%, Err 255 (1.0e-004)
346.279 .... 338 packets received, 2001 bps, 25.01%, Err 257 (1.0e-004)
349.827 .... 340 packets received, 1992 bps, 24.90%, Err 260 (1.0e-004)
351.945 .... 341 packets received, 1986 bps, 24.82%, Err 263 (1.0e-004)
361.260 .... 347 packets received, 1969 bps, 24.61%, Err 268 (1.0e-004)
364.448 .... 352 packets received, 1980 bps, 24.74%, Err 270 (1.0e-004)
366.549 .... 353 packets received, 1974 bps, 24.67%, Err 271 (1.0e-004)
368.559 .... 357 packets received, 1985 bps, 24.82%, Err 272 (9.9e-005)
372.215 .... 361 packets received, 1988 bps, 24.85%, Err 274 (9.9e-005)
374.888 .... 365 packets received, 1995 bps, 24.94%, Err 277 (1.0e-004)
377.024 .... 368 packets received, 2000 bps, 25.01%, Err 279 (1.0e-004)
380.608 .... 370 packets received, 1992 bps, 24.90%, Err 280 (9.9e-005)
382.811 .... 374 packets received, 2002 bps, 25.03%, Err 281 (9.9e-005)
386.047 .... 379 packets received, 2012 bps, 25.15%, Err 287 (1.0e-004)
388.770 .... 381 packets received, 2009 bps, 25.11%, Err 289 (1.0e-004)
390.945 .... 386 packets received, 2024 bps, 25.29%, Err 291 (1.0e-004)
395.060 .... 387 packets received, 2008 bps, 25.10%, Err 292 (1.0e-004)
397.225 .... 390 packets received, 2012 bps, 25.15%, Err 294 (1.0e-004)
400.416 .... 395 packets received, 2022 bps, 25.27%, Err 297 (1.0e-004)
404.749 .... 401 packets received, 2030 bps, 25.38%, Err 300 (1.0e-004)
409.164 .... 403 packets received, 2019 bps, 25.23%, Err 305 (1.0e-004)
412.196 .... 404 packets received, 2009 bps, 25.11%, Err 307 (1.0e-004)
420.575 .... 410 packets received, 1998 bps, 24.97%, Err 313 (1.0e-004)
422.736 .... 411 packets received, 1992 bps, 24.91%, Err 315 (1.0e-004)
429.384 .... 417 packets received, 1990 bps, 24.88%, Err 318 (1.0e-004)
434.472 .... 424 packets received, 2000 bps, 25.00%, Err 323 (1.0e-004)
438.002 .... 429 packets received, 2007 bps, 25.09%, Err 324 (1.0e-004)
442.060 .... 434 packets received, 2012 bps, 25.15%, Err 329 (1.0e-004)
446.163 .... 439 packets received, 2016 bps, 25.20%, Err 330 (1.0e-004)
450.817 .... 446 packets received, 2027 bps, 25.34%, Err 331 (9.9e-005)
453.615 .... 447 packets received, 2019 bps, 25.24%, Err 332 (9.9e-005)
456.775 .... 452 packets received, 2028 bps, 25.35%, Err 333 (9.8e-005)
461.528 .... 457 packets received, 2029 bps, 25.36%, Err 337 (9.9e-005)
467.797 .... 461 packets received, 2019 bps, 25.24%, Err 344 (9.9e-005)
471.093 .... 463 packets received, 2014 bps, 25.18%, Err 346 (9.9e-005)
477.549 .... 467 packets received, 2004 bps, 25.05%, Err 356 (1.0e-004)
479.562 .... 468 packets received, 2000 bps, 25.00%, Err 357 (1.0e-004)
483.100 .... 471 packets received, 1998 bps, 24.97%, Err 358 (1.0e-004)
487.207 .... 475 packets received, 1998 bps, 24.97%, Err 361 (1.0e-004)
489.316 .... 477 packets received, 1998 bps, 24.97%, Err 364 (1.0e-004)
492.356 .... 478 packets received, 1989 bps, 24.87%, Err 366 (1.0e-004)
499.445 .... 482 packets received, 1978 bps, 24.72%, Err 371 (1.0e-004)
508.421 .... 486 packets received, 1959 bps, 24.48%, Err 380 (1.0e-004)
510.526 .... 487 packets received, 1955 bps, 24.43%, Err 381 (1.0e-004)
513.693 .... 492 packets received, 1963 bps, 24.53%, Err 384 (1.0e-004)
519.831 .... 493 packets received, 1943 bps, 24.29%, Err 390 (1.0e-004)
524.200 .... 496 packets received, 1939 bps, 24.24%, Err 392 (1.0e-004)
531.053 .... 500 packets received, 1929 bps, 24.12%, Err 395 (1.0e-004)
535.119 .... 505 packets received, 1934 bps, 24.17%, Err 398 (1.0e-004)
537.336 .... 508 packets received, 1937 bps, 24.22%, Err 399 (1.0e-004)
539.532 .... 511 packets received, 1941 bps, 24.26%, Err 402 (1.0e-004)
541.709 .... 515 packets received, 1948 bps, 24.35%, Err 403 (1.0e-004)
543.845 .... 516 packets received, 1944 bps, 24.30%, Err 404 (1.0e-004)
546.751 .... 520 packets received, 1949 bps, 24.36%, Err 407 (1.0e-004)
550.113 .... 523 packets received, 1948 bps, 24.35%, Err 413 (1.0e-004)
552.284 .... 526 packets received, 1952 bps, 24.39%, Err 415 (1.0e-004)
555.550 .... 532 packets received, 1962 bps, 24.53%, Err 417 (1.0e-004)
558.828 .... 536 packets received, 1965 bps, 24.57%, Err 419 (1.0e-004)
563.738 .... 541 packets received, 1966 bps, 24.58%, Err 422 (1.0e-004)
568.690 .... 545 packets received, 1964 bps, 24.55%, Err 423 (1.0e-004)
574.705 .... 547 packets received, 1950 bps, 24.38%, Err 425 (1.0e-004)
579.332 .... 549 packets received, 1942 bps, 24.27%, Err 428 (1.0e-004)
584.145 .... 552 packets received, 1936 bps, 24.20%, Err 432 (1.0e-004)
587.809 .... 556 packets received, 1938 bps, 24.23%, Err 433 (1.0e-004)
590.296 .... 560 packets received, 1944 bps, 24.30%, Err 434 (1.0e-004)
597.051 .... 568 packets received, 1949 bps, 24.37%, Err 440 (1.0e-004)
599.958 .... 572 packets received, 1953 bps, 24.42%, Err 444 (1.0e-004)
602.068 .... 573 packets received, 1950 bps, 24.38%, Err 445 (1.0e-004)
604.208 .... 574 packets received, 1947 bps, 24.33%, Err 445 (1.0e-004)
607.092 .... 575 packets received, 1941 bps, 24.26%, Err 446 (9.9e-005)
609.231 .... 581 packets received, 1954 bps, 24.43%, Err 446 (9.9e-005)
611.342 .... 589 packets received, 1974 bps, 24.68%, Err 447 (9.9e-005)
614.801 .... 594 packets received, 1980 bps, 24.75%, Err 453 (1.0e-004)
617.703 .... 597 packets received, 1980 bps, 24.75%, Err 456 (1.0e-004)
619.955 .... 598 packets received, 1976 bps, 24.70%, Err 459 (1.0e-004)
622.400 .... 602 packets received, 1982 bps, 24.77%, Err 461 (1.0e-004)
625.378 .... 603 packets received, 1976 bps, 24.70%, Err 462 (1.0e-004)
630.103 .... 608 packets received, 1977 bps, 24.71%, Err 463 (9.9e-005)
632.210 .... 611 packets received, 1980 bps, 24.75%, Err 468 (1.0e-004)
636.067 .... 613 packets received, 1975 bps, 24.68%, Err 471 (1.0e-004)
639.850 .... 617 packets received, 1976 bps, 24.70%, Err 473 (1.0e-004)
644.516 .... 619 packets received, 1968 bps, 24.60%, Err 478 (1.0e-004)
647.997 .... 622 packets received, 1967 bps, 24.58%, Err 482 (1.0e-004)
657.050 .... 624 packets received, 1946 bps, 24.32%, Err 490 (1.0e-004)
664.686 .... 631 packets received, 1945 bps, 24.31%, Err 493 (1.0e-004)
672.300 .... 637 packets received, 1941 bps, 24.27%, Err 498 (1.0e-004)
678.071 .... 638 packets received, 1928 bps, 24.10%, Err 502 (1.0e-004)
681.113 .... 639 packets received, 1922 bps, 24.03%, Err 503 (1.0e-004)
688.019 .... 645 packets received, 1921 bps, 24.01%, Err 508 (1.0e-004)
691.736 .... 647 packets received, 1916 bps, 23.95%, Err 514 (1.0e-004)
704.290 .... 652 packets received, 1897 bps, 23.71%, Err 522 (1.0e-004)
707.754 .... 658 packets received, 1905 bps, 23.81%, Err 525 (1.0e-004)
710.262 .... 659 packets received, 1901 bps, 23.76%, Err 526 (1.0e-004)
712.433 .... 665 packets received, 1912 bps, 23.91%, Err 526 (1.0e-004)
715.443 .... 666 packets received, 1907 bps, 23.84%, Err 526 (1.0e-004)
718.333 .... 672 packets received, 1917 bps, 23.96%, Err 527 (9.9e-005)
720.503 .... 680 packets received, 1934 bps, 24.17%, Err 527 (9.9e-005)
723.998 .... 684 packets received, 1936 bps, 24.20%, Err 530 (9.9e-005)
728.810 .... 688 packets received, 1934 bps, 24.18%, Err 535 (9.9e-005)
731.337 .... 691 packets received, 1936 bps, 24.20%, Err 537 (9.9e-005)
733.466 .... 693 packets received, 1936 bps, 24.20%, Err 539 (1.0e-004)
739.218 .... 694 packets received, 1923 bps, 24.04%, Err 550 (1.0e-004)
744.125 .... 697 packets received, 1919 bps, 23.99%, Err 554 (1.0e-004)
747.913 .... 701 packets received, 1920 bps, 24.00%, Err 555 (1.0e-004)
756.112 .... 703 packets received, 1905 bps, 23.81%, Err 561 (1.0e-004)
759.142 .... 704 packets received, 1900 bps, 23.75%, Err 561 (1.0e-004)
762.436 .... 706 packets received, 1897 bps, 23.71%, Err 564 (1.0e-004)
767.359 .... 710 packets received, 1896 bps, 23.70%, Err 567 (1.0e-004)
771.985 .... 712 packets received, 1890 bps, 23.62%, Err 571 (1.0e-004)
777.461 .... 717 packets received, 1889 bps, 23.62%, Err 575 (1.0e-004)
782.774 .... 721 packets received, 1887 bps, 23.59%, Err 580 (1.0e-004)
786.074 .... 723 packets received, 1884 bps, 23.55%, Err 582 (1.0e-004)
790.467 .... 725 packets received, 1879 bps, 23.49%, Err 586 (1.0e-004)
793.771 .... 727 packets received, 1876 bps, 23.45%, Err 588 (1.0e-004)
796.692 .... 731 packets received, 1880 bps, 23.50%, Err 592 (1.0e-004)
801.645 .... 732 packets received, 1871 bps, 23.38%, Err 594 (1.0e-004)
805.462 .... 736 packets received, 1872 bps, 23.40%, Err 599 (1.0e-004)
808.222 .... 738 packets received, 1871 bps, 23.38%, Err 599 (1.0e-004)
811.177 .... 743 packets received, 1877 bps, 23.46%, Err 602 (1.0e-004)
815.254 .... 748 packets received, 1880 bps, 23.50%, Err 605 (1.0e-004)
818.469 .... 751 packets received, 1880 bps, 23.50%, Err 609 (1.0e-004)
824.782 .... 755 packets received, 1875 bps, 23.44%, Err 615 (1.0e-004)
827.383 .... 758 packets received, 1877 bps, 23.46%, Err 616 (1.0e-004)
830.770 .... 763 packets received, 1882 bps, 23.52%, Err 617 (1.0e-004)
835.608 .... 768 packets received, 1883 bps, 23.54%, Err 622 (1.0e-004)
839.953 .... 772 packets received, 1883 bps, 23.54%, Err 624 (1.0e-004)
843.272 .... 774 packets received, 1880 bps, 23.50%, Err 626 (1.0e-004)
846.447 .... 779 packets received, 1885 bps, 23.57%, Err 628 (1.0e-004)
852.829 .... 781 packets received, 1876 bps, 23.45%, Err 631 (1.0e-004)
869.555 .... 788 packets received, 1857 bps, 23.21%, Err 639 (1.0e-004)
875.310 .... 795 packets received, 1861 bps, 23.26%, Err 645 (1.0e-004)
883.594 .... 801 packets received, 1857 bps, 23.21%, Err 652 (1.0e-004)
885.639 .... 806 packets received, 1864 bps, 23.31%, Err 653 (1.0e-004)
888.669 .... 807 packets received, 1860 bps, 23.25%, Err 654 (1.0e-004)
891.084 .... 811 packets received, 1865 bps, 23.31%, Err 657 (1.0e-004)
894.317 .... 813 packets received, 1862 bps, 23.28%, Err 660 (1.0e-004)
896.684 .... 815 packets received, 1862 bps, 23.28%, Err 664 (1.0e-004)
899.072 .... 817 packets received, 1862 bps, 23.27%, Err 665 (1.0e-004)
904.903 .... 820 packets received, 1856 bps, 23.21%, Err 669 (1.0e-004)
907.543 .... 823 packets received, 1858 bps, 23.22%, Err 673 (1.0e-004)
910.581 .... 824 packets received, 1854 bps, 23.17%, Err 675 (1.0e-004)
916.017 .... 827 packets received, 1850 bps, 23.12%, Err 680 (1.0e-004)
918.426 .... 831 packets received, 1854 bps, 23.17%, Err 681 (1.0e-004)
920.811 .... 836 packets received, 1860 bps, 23.25%, Err 682 (1.0e-004)
922.985 .... 844 packets received, 1873 bps, 23.42%, Err 683 (1.0e-004)
925.970 .... 845 packets received, 1869 bps, 23.37%, Err 683 (1.0e-004)
930.001 .... 851 packets received, 1875 bps, 23.43%, Err 686 (1.0e-004)
933.016 .... 852 packets received, 1871 bps, 23.38%, Err 687 (1.0e-004)
936.545 .... 855 packets received, 1870 bps, 23.38%, Err 689 (1.0e-004)
938.702 .... 858 packets received, 1872 bps, 23.41%, Err 691 (1.0e-004)
942.211 .... 861 packets received, 1872 bps, 23.40%, Err 693 (1.0e-004)
947.716 .... 866 packets received, 1872 bps, 23.40%, Err 695 (9.9e-005)
949.843 .... 867 packets received, 1870 bps, 23.37%, Err 697 (1.0e-004)
951.967 .... 869 packets received, 1870 bps, 23.38%, Err 699 (1.0e-004)
955.835 .... 873 packets received, 1871 bps, 23.39%, Err 704 (1.0e-004)
958.815 .... 874 packets received, 1867 bps, 23.34%, Err 706 (1.0e-004)
961.218 .... 877 packets received, 1869 bps, 23.36%, Err 710 (1.0e-004)
963.876 .... 878 packets received, 1866 bps, 23.33%, Err 712 (1.0e-004)
967.219 .... 880 packets received, 1864 bps, 23.30%, Err 715 (1.0e-004)
970.407 .... 882 packets received, 1862 bps, 23.27%, Err 718 (1.0e-004)
975.296 .... 888 packets received, 1865 bps, 23.32%, Err 723 (1.0e-004)
979.406 .... 891 packets received, 1864 bps, 23.30%, Err 727 (1.0e-004)
986.944 .... 896 packets received, 1860 bps, 23.25%, Err 729 (1.0e-004)
989.816 .... 900 packets received, 1863 bps, 23.28%, Err 730 (1.0e-004)
993.342 .... 903 packets received, 1862 bps, 23.28%, Err 735 (1.0e-004)
995.446 .... 905 packets received, 1862 bps, 23.28%, Err 741 (1.0e-004)
997.874 .... 906 packets received, 1860 bps, 23.25%, Err 745 (1.0e-004)
1004.182 .... 909 packets received, 1854 bps, 23.18%, Err 747 (1.0e-004)
1010.693 .... 916 packets received, 1857 bps, 23.21%, Err 748 (1.0e-004)
1015.039 .... 923 packets received, 1863 bps, 23.29%, Err 750 (1.0e-004)
1021.578 .... 926 packets received, 1857 bps, 23.21%, Err 756 (1.0e-004)
1027.047 .... 930 packets received, 1855 bps, 23.19%, Err 759 (1.0e-004)
1031.581 .... 937 packets received, 1861 bps, 23.26%, Err 762 (1.0e-004)
1034.906 .... 938 packets received, 1857 bps, 23.21%, Err 764 (1.0e-004)
1039.514 .... 941 packets received, 1854 bps, 23.18%, Err 768 (1.0e-004)
1043.940 .... 944 packets received, 1852 bps, 23.16%, Err 771 (1.0e-004)
1047.477 .... 947 packets received, 1852 bps, 23.15%, Err 774 (1.0e-004)
1049.622 .... 948 packets received, 1850 bps, 23.13%, Err 776 (1.0e-004)
1054.023 .... 951 packets received, 1848 bps, 23.10%, Err 778 (1.0e-004)
1057.836 .... 955 packets received, 1849 bps, 23.12%, Err 781 (1.0e-004)
1063.048 .... 959 packets received, 1848 bps, 23.10%, Err 785 (1.0e-004)
1067.111 .... 963 packets received, 1849 bps, 23.11%, Err 788 (1.0e-004)
1069.588 .... 966 packets received, 1850 bps, 23.13%, Err 792 (1.0e-004)
1073.081 .... 967 packets received, 1846 bps, 23.08%, Err 793 (1.0e-004)
1080.540 .... 974 packets received, 1847 bps, 23.08%, Err 797 (1.0e-004)
1082.952 .... 978 packets received, 1850 bps, 23.13%, Err 798 (1.0e-004)
1088.673 .... 985 packets received, 1853 bps, 23.17%, Err 803 (1.0e-004)
1092.752 .... 989 packets received, 1854 bps, 23.18%, Err 804 (1.0e-004)
1097.007 .... 996 packets received, 1860 bps, 23.25%, Err 807 (1.0e-004)
1099.147 .... 1002 packets received, 1867 bps, 23.34%, Err 807 (1.0e-004)
1102.178 .... 1003 packets received, 1864 bps, 23.30%, Err 810 (1.0e-004)
1104.316 .... 1009 packets received, 1872 bps, 23.40%, Err 812 (1.0e-004)
1107.182 .... 1012 packets received, 1872 bps, 23.41%, Err 817 (1.0e-004)
1109.330 .... 1013 packets received, 1871 bps, 23.38%, Err 817 (1.0e-004)
1111.771 .... 1018 packets received, 1876 bps, 23.45%, Err 819 (1.0e-004)
1113.991 .... 1021 packets received, 1878 bps, 23.47%, Err 821 (1.0e-004)
1118.004 .... 1028 packets received, 1884 bps, 23.55%, Err 824 (1.0e-004)
1120.132 .... 1030 packets received, 1884 bps, 23.55%, Err 826 (1.0e-004)
1125.410 .... 1034 packets received, 1882 bps, 23.53%, Err 830 (1.0e-004)
1127.486 .... 1038 packets received, 1886 bps, 23.57%, Err 831 (1.0e-004)
1130.202 .... 1040 packets received, 1885 bps, 23.56%, Err 835 (1.0e-004)
1132.359 .... 1044 packets received, 1889 bps, 23.61%, Err 836 (1.0e-004)
1134.532 .... 1050 packets received, 1896 bps, 23.70%, Err 836 (1.0e-004)
1138.630 .... 1055 packets received, 1898 bps, 23.73%, Err 838 (1.0e-004)
1141.900 .... 1059 packets received, 1900 bps, 23.75%, Err 844 (1.0e-004)
1144.060 .... 1061 packets received, 1900 bps, 23.75%, Err 844 (1.0e-004)
1149.772 .... 1065 packets received, 1897 bps, 23.72%, Err 850 (1.0e-004)
1153.060 .... 1066 packets received, 1894 bps, 23.67%, Err 856 (1.0e-004)
1156.799 .... 1067 packets received, 1889 bps, 23.62%, Err 863 (1.0e-004)
1158.922 .... 1069 packets received, 1890 bps, 23.62%, Err 865 (1.0e-004)
1162.616 .... 1071 packets received, 1887 bps, 23.59%, Err 870 (1.0e-004)
1172.181 .... 1073 packets received, 1875 bps, 23.44%, Err 875 (1.0e-004)
1179.767 .... 1080 packets received, 1875 bps, 23.44%, Err 880 (1.0e-004)
1184.353 .... 1087 packets received, 1880 bps, 23.50%, Err 883 (1.0e-004)
1186.560 .... 1088 packets received, 1878 bps, 23.48%, Err 883 (1.0e-004)
1189.797 .... 1092 packets received, 1880 bps, 23.50%, Err 887 (1.0e-004)
1193.882 .... 1097 packets received, 1882 bps, 23.53%, Err 889 (1.0e-004)
1196.031 .... 1100 packets received, 1884 bps, 23.55%, Err 891 (1.0e-004)
1198.759 .... 1105 packets received, 1888 bps, 23.60%, Err 891 (1.0e-004)
1201.983 .... 1109 packets received, 1890 bps, 23.63%, Err 893 (1.0e-004)
1204.470 .... 1113 packets received, 1893 bps, 23.66%, Err 895 (1.0e-004)
1206.659 .... 1115 packets received, 1893 bps, 23.66%, Err 897 (1.0e-004)
1209.306 .... 1119 packets received, 1896 bps, 23.69%, Err 899 (1.0e-004)
1211.549 .... 1125 packets received, 1902 bps, 23.78%, Err 899 (1.0e-004)
1217.883 .... 1128 packets received, 1897 bps, 23.72%, Err 903 (1.0e-004)
1221.965 .... 1129 packets received, 1893 bps, 23.66%, Err 908 (1.0e-004)
1231.835 .... 1135 packets received, 1887 bps, 23.59%, Err 911 (1.0e-004)
1234.745 .... 1137 packets received, 1886 bps, 23.58%, Err 912 (1.0e-004)
1237.653 .... 1142 packets received, 1890 bps, 23.63%, Err 914 (1.0e-004)
1239.923 .... 1148 packets received, 1897 bps, 23.71%, Err 914 (1.0e-004)
1243.208 .... 1150 packets received, 1895 bps, 23.69%, Err 917 (1.0e-004)
1245.288 .... 1155 packets received, 1900 bps, 23.75%, Err 917 (1.0e-004)
1248.216 .... 1156 packets received, 1897 bps, 23.71%, Err 921 (1.0e-004)
1253.122 .... 1157 packets received, 1891 bps, 23.64%, Err 929 (1.0e-004)
1255.534 .... 1160 packets received, 1893 bps, 23.66%, Err 929 (1.0e-004)
1259.386 .... 1164 packets received, 1893 bps, 23.67%, Err 930 (1.0e-004)
1262.684 .... 1165 packets received, 1890 bps, 23.62%, Err 931 (1.0e-004)
1269.245 .... 1172 packets received, 1892 bps, 23.64%, Err 936 (1.0e-004)
1277.659 .... 1179 packets received, 1890 bps, 23.63%, Err 946 (1.0e-004)
1280.101 .... 1182 packets received, 1891 bps, 23.64%, Err 947 (1.0e-004)
1282.249 .... 1190 packets received, 1901 bps, 23.76%, Err 947 (1.0e-004)
1288.132 .... 1197 packets received, 1904 bps, 23.79%, Err 951 (1.0e-004)
1293.865 .... 1204 packets received, 1906 bps, 23.83%, Err 955 (1.0e-004)
1297.154 .... 1207 packets received, 1906 bps, 23.83%, Err 957 (1.0e-004)
1300.356 .... 1209 packets received, 1905 bps, 23.81%, Err 958 (1.0e-004)
1308.175 .... 1212 packets received, 1898 bps, 23.72%, Err 963 (1.0e-004)
1311.518 .... 1215 packets received, 1898 bps, 23.72%, Err 965 (1.0e-004)
1316.354 .... 1220 packets received, 1898 bps, 23.73%, Err 973 (1.0e-004)
1319.308 .... 1222 packets received, 1897 bps, 23.72%, Err 974 (1.0e-004)
1321.931 .... 1226 packets received, 1900 bps, 23.75%, Err 976 (1.0e-004)
1323.962 .... 1227 packets received, 1898 bps, 23.73%, Err 977 (1.0e-004)
1327.782 .... 1228 packets received, 1894 bps, 23.68%, Err 982 (1.0e-004)
1330.789 .... 1229 packets received, 1892 bps, 23.65%, Err 982 (1.0e-004)
1333.476 .... 1233 packets received, 1894 bps, 23.68%, Err 986 (1.0e-004)
1343.318 .... 1234 packets received, 1882 bps, 23.52%, Err 992 (1.0e-004)
1346.001 .... 1241 packets received, 1889 bps, 23.61%, Err 992 (1.0e-004)
1349.537 .... 1244 packets received, 1888 bps, 23.60%, Err 995 (1.0e-004)
1352.516 .... 1245 packets received, 1886 bps, 23.57%, Err 999 (1.0e-004)
1358.000 .... 1250 packets received, 1886 bps, 23.57%, Err 1004 (1.0e-004)
1360.135 .... 1254 packets received, 1889 bps, 23.61%, Err 1004 (1.0e-004)
1366.517 .... 1257 packets received, 1884 bps, 23.55%, Err 1007 (1.0e-004)
1372.507 .... 1264 packets received, 1886 bps, 23.58%, Err 1008 (1.0e-004)
1374.663 .... 1267 packets received, 1888 bps, 23.60%, Err 1010 (1.0e-004)
1376.788 .... 1270 packets received, 1890 bps, 23.62%, Err 1012 (1.0e-004)
1379.830 .... 1271 packets received, 1887 bps, 23.59%, Err 1017 (1.0e-004)
1382.477 .... 1274 packets received, 1888 bps, 23.60%, Err 1020 (1.0e-004)
1388.772 .... 1278 packets received, 1885 bps, 23.56%, Err 1023 (1.0e-004)
1392.500 .... 1282 packets received, 1886 bps, 23.57%, Err 1029 (1.0e-004)
1394.613 .... 1283 packets received, 1884 bps, 23.56%, Err 1030 (1.0e-004)
1398.474 .... 1290 packets received, 1890 bps, 23.62%, Err 1032 (1.0e-004)
1401.715 .... 1294 packets received, 1891 bps, 23.64%, Err 1032 (1.0e-004)
1405.891 .... 1296 packets received, 1888 bps, 23.60%, Err 1037 (1.0e-004)
1408.791 .... 1301 packets received, 1892 bps, 23.65%, Err 1040 (1.0e-004)
1413.245 .... 1302 packets received, 1887 bps, 23.59%, Err 1044 (1.0e-004)
1415.386 .... 1305 packets received, 1889 bps, 23.61%, Err 1046 (1.0e-004)
1417.399 .... 1307 packets received, 1889 bps, 23.61%, Err 1050 (1.0e-004)
1422.286 .... 1310 packets received, 1887 bps, 23.58%, Err 1054 (1.0e-004)
1425.739 .... 1313 packets received, 1886 bps, 23.58%, Err 1059 (1.0e-004)
1427.941 .... 1316 packets received, 1888 bps, 23.60%, Err 1062 (1.0e-004)
1437.534 .... 1318 packets received, 1878 bps, 23.48%, Err 1072 (1.0e-004)
1450.516 .... 1325 packets received, 1871 bps, 23.39%, Err 1077 (1.0e-004)
1453.212 .... 1328 packets received, 1872 bps, 23.40%, Err 1079 (1.0e-004)
1457.340 .... 1332 packets received, 1872 bps, 23.40%, Err 1083 (1.0e-004)
1462.080 .... 1336 packets received, 1872 bps, 23.40%, Err 1087 (1.0e-004)
1464.721 .... 1338 packets received, 1871 bps, 23.39%, Err 1092 (1.0e-004)
1469.123 .... 1340 packets received, 1868 bps, 23.35%, Err 1095 (1.0e-004)
1471.759 .... 1342 packets received, 1868 bps, 23.35%, Err 1097 (1.0e-004)
1477.282 .... 1347 packets received, 1868 bps, 23.35%, Err 1100 (1.0e-004)
1481.017 .... 1349 packets received, 1866 bps, 23.32%, Err 1104 (1.0e-004)
1483.978 .... 1350 packets received, 1863 bps, 23.29%, Err 1108 (1.0e-004)
1489.196 .... 1352 packets received, 1860 bps, 23.25%, Err 1109 (1.0e-004)
1493.269 .... 1357 packets received, 1861 bps, 23.27%, Err 1112 (1.0e-004)
1496.791 .... 1360 packets received, 1861 bps, 23.26%, Err 1113 (1.0e-004)
1503.579 .... 1367 packets received, 1862 bps, 23.28%, Err 1118 (1.0e-004)
1505.742 .... 1371 packets received, 1865 bps, 23.31%, Err 1118 (1.0e-004)
1510.403 .... 1378 packets received, 1869 bps, 23.36%, Err 1120 (1.0e-004)
1512.573 .... 1385 packets received, 1876 bps, 23.45%, Err 1120 (1.0e-004)
1514.737 .... 1388 packets received, 1877 bps, 23.46%, Err 1123 (1.0e-004)
1518.646 .... 1392 packets received, 1878 bps, 23.47%, Err 1127 (1.0e-004)
1520.719 .... 1396 packets received, 1880 bps, 23.50%, Err 1129 (1.0e-004)
1528.425 .... 1399 packets received, 1875 bps, 23.44%, Err 1135 (1.0e-004)
1531.131 .... 1400 packets received, 1873 bps, 23.41%, Err 1136 (1.0e-004)
1533.294 .... 1403 packets received, 1874 bps, 23.43%, Err 1137 (1.0e-004)
1537.656 .... 1409 packets received, 1877 bps, 23.46%, Err 1140 (1.0e-004)
1541.089 .... 1410 packets received, 1874 bps, 23.43%, Err 1143 (1.0e-004)
1544.252 .... 1415 packets received, 1877 bps, 23.46%, Err 1147 (1.0e-004)
1547.059 .... 1417 packets received, 1876 bps, 23.45%, Err 1149 (1.0e-004)
1550.008 .... 1421 packets received, 1878 bps, 23.47%, Err 1149 (1.0e-004)
1554.658 .... 1428 packets received, 1881 bps, 23.52%, Err 1153 (1.0e-004)
1557.652 .... 1429 packets received, 1879 bps, 23.49%, Err 1154 (1.0e-004)
1562.288 .... 1432 packets received, 1878 bps, 23.47%, Err 1157 (1.0e-004)
1565.301 .... 1437 packets received, 1880 bps, 23.51%, Err 1158 (1.0e-004)
1568.866 .... 1444 packets received, 1885 bps, 23.57%, Err 1159 (1.0e-004)
1572.913 .... 1452 packets received, 1891 bps, 23.64%, Err 1165 (1.0e-004)
1581.102 .... 1458 packets received, 1889 bps, 23.61%, Err 1168 (1.0e-004)
1585.958 .... 1459 packets received, 1884 bps, 23.55%, Err 1171 (1.0e-004)
1590.844 .... 1465 packets received, 1886 bps, 23.58%, Err 1175 (1.0e-004)
1593.052 .... 1466 packets received, 1885 bps, 23.56%, Err 1178 (1.0e-004)
1595.433 .... 1469 packets received, 1886 bps, 23.58%, Err 1180 (1.0e-004)
1602.958 .... 1472 packets received, 1881 bps, 23.51%, Err 1188 (1.0e-004)
1605.219 .... 1477 packets received, 1885 bps, 23.56%, Err 1190 (1.0e-004)
1607.666 .... 1479 packets received, 1884 bps, 23.56%, Err 1193 (1.0e-004)
1609.897 .... 1484 packets received, 1888 bps, 23.60%, Err 1193 (1.0e-004)
1613.454 .... 1487 packets received, 1888 bps, 23.60%, Err 1196 (1.0e-004)
1616.397 .... 1488 packets received, 1886 bps, 23.57%, Err 1197 (1.0e-004)
1618.587 .... 1490 packets received, 1886 bps, 23.57%, Err 1199 (1.0e-004)
1624.593 .... 1493 packets received, 1882 bps, 23.53%, Err 1204 (1.0e-004)
1627.201 .... 1500 packets received, 1888 bps, 23.60%, Err 1204 (1.0e-004)
1629.389 .... 1508 packets received, 1896 bps, 23.70%, Err 1204 (1.0e-004)
1631.501 .... 1515 packets received, 1902 bps, 23.78%, Err 1204 (1.0e-004)
1633.706 .... 1518 packets received, 1903 bps, 23.79%, Err 1206 (1.0e-004)
1635.844 .... 1521 packets received, 1905 bps, 23.81%, Err 1209 (1.0e-004)
1638.026 .... 1523 packets received, 1905 bps, 23.81%, Err 1210 (1.0e-004)
1640.156 .... 1524 packets received, 1903 bps, 23.79%, Err 1213 (1.0e-004)
1645.239 .... 1529 packets received, 1904 bps, 23.80%, Err 1218 (1.0e-004)
1648.573 .... 1531 packets received, 1902 bps, 23.78%, Err 1224 (1.0e-004)
1651.222 .... 1533 packets received, 1902 bps, 23.77%, Err 1227 (1.0e-004)
1655.612 .... 1535 packets received, 1899 bps, 23.74%, Err 1227 (1.0e-004)
1658.893 .... 1537 packets received, 1898 bps, 23.72%, Err 1231 (1.0e-004)
1669.848 .... 1542 packets received, 1892 bps, 23.64%, Err 1239 (1.0e-004)
1673.305 .... 1547 packets received, 1894 bps, 23.67%, Err 1242 (1.0e-004)
1678.516 .... 1550 packets received, 1892 bps, 23.64%, Err 1244 (1.0e-004)
1687.686 .... 1556 packets received, 1889 bps, 23.61%, Err 1248 (1.0e-004)
1689.811 .... 1558 packets received, 1889 bps, 23.61%, Err 1249 (1.0e-004)
1691.909 .... 1560 packets received, 1889 bps, 23.61%, Err 1251 (1.0e-004)
1699.040 .... 1562 packets received, 1883 bps, 23.54%, Err 1255 (1.0e-004)
1702.203 .... 1567 packets received, 1886 bps, 23.57%, Err 1259 (1.0e-004)
1705.816 .... 1569 packets received, 1884 bps, 23.55%, Err 1263 (1.0e-004)
1708.255 .... 1572 packets received, 1885 bps, 23.56%, Err 1267 (1.0e-004)
1710.379 .... 1578 packets received, 1890 bps, 23.62%, Err 1267 (1.0e-004)
1713.026 .... 1580 packets received, 1889 bps, 23.62%, Err 1271 (1.0e-004)
1716.269 .... 1584 packets received, 1890 bps, 23.63%, Err 1273 (1.0e-004)
1720.928 .... 1591 packets received, 1894 bps, 23.67%, Err 1277 (1.0e-004)
1723.084 .... 1593 packets received, 1894 bps, 23.67%, Err 1278 (1.0e-004)
1732.392 .... 1600 packets received, 1892 bps, 23.65%, Err 1283 (1.0e-004)
1742.139 .... 1607 packets received, 1889 bps, 23.62%, Err 1291 (1.0e-004)
1744.925 .... 1608 packets received, 1888 bps, 23.59%, Err 1291 (1.0e-004)
1748.734 .... 1612 packets received, 1888 bps, 23.60%, Err 1292 (1.0e-004)
1751.488 .... 1614 packets received, 1888 bps, 23.59%, Err 1295 (1.0e-004)
1756.611 .... 1618 packets received, 1887 bps, 23.58%, Err 1299 (1.0e-004)
1759.586 .... 1622 packets received, 1888 bps, 23.60%, Err 1305 (1.0e-004)
1765.605 .... 1626 packets received, 1886 bps, 23.58%, Err 1310 (1.0e-004)
1776.023 .... 1633 packets received, 1883 bps, 23.54%, Err 1316 (1.0e-004)
1778.418 .... 1634 packets received, 1882 bps, 23.52%, Err 1318 (1.0e-004)
1783.079 .... 1637 packets received, 1881 bps, 23.51%, Err 1322 (1.0e-004)
1786.022 .... 1640 packets received, 1881 bps, 23.51%, Err 1325 (1.0e-004)
1789.255 .... 1644 packets received, 1882 bps, 23.53%, Err 1328 (1.0e-004)
1792.250 .... 1649 packets received, 1885 bps, 23.56%, Err 1332 (1.0e-004)
1794.379 .... 1651 packets received, 1885 bps, 23.56%, Err 1334 (1.0e-004)
1797.656 .... 1653 packets received, 1883 bps, 23.54%, Err 1337 (1.0e-004)
1800.017 .... 1659 packets received, 1888 bps, 23.60%, Err 1337 (1.0e-004)
1805.973 .... 1660 packets received, 1883 bps, 23.53%, Err 1338 (1.0e-004)
1808.422 .... 1663 packets received, 1884 bps, 23.55%, Err 1340 (1.0e-004)
1811.143 .... 1668 packets received, 1886 bps, 23.58%, Err 1340 (1.0e-004)
1814.391 .... 1673 packets received, 1889 bps, 23.61%, Err 1342 (1.0e-004)
1819.056 .... 1680 packets received, 1892 bps, 23.65%, Err 1347 (1.0e-004)
1826.684 .... 1687 packets received, 1892 bps, 23.65%, Err 1349 (1.0e-004)
1831.340 .... 1694 packets received, 1895 bps, 23.68%, Err 1351 (1.0e-004)
1834.030 .... 1696 packets received, 1894 bps, 23.68%, Err 1353 (1.0e-004)
1838.335 .... 1697 packets received, 1891 bps, 23.64%, Err 1359 (1.0e-004)
1840.739 .... 1701 packets received, 1893 bps, 23.66%, Err 1361 (1.0e-004)
1845.716 .... 1702 packets received, 1889 bps, 23.61%, Err 1363 (1.0e-004)
1849.723 .... 1709 packets received, 1892 bps, 23.66%, Err 1368 (1.0e-004)
1852.688 .... 1711 packets received, 1892 bps, 23.65%, Err 1371 (1.0e-004)
1858.672 .... 1716 packets received, 1891 bps, 23.64%, Err 1376 (1.0e-004)
1861.692 .... 1717 packets received, 1889 bps, 23.61%, Err 1377 (1.0e-004)
1864.067 .... 1720 packets received, 1890 bps, 23.63%, Err 1378 (1.0e-004)
1867.403 .... 1723 packets received, 1890 bps, 23.62%, Err 1384 (1.0e-004)
1872.303 .... 1725 packets received, 1887 bps, 23.59%, Err 1386 (1.0e-004)
1879.599 .... 1732 packets received, 1887 bps, 23.59%, Err 1394 (1.0e-004)
1882.827 .... 1733 packets received, 1885 bps, 23.57%, Err 1398 (1.0e-004)
1885.043 .... 1735 packets received, 1885 bps, 23.57%, Err 1401 (1.0e-004)
1887.955 .... 1738 packets received, 1886 bps, 23.57%, Err 1405 (1.0e-004)
1890.181 .... 1739 packets received, 1884 bps, 23.56%, Err 1408 (1.0e-004)
1892.615 .... 1742 packets received, 1885 bps, 23.57%, Err 1412 (1.0e-004)
1895.081 .... 1744 packets received, 1885 bps, 23.56%, Err 1416 (1.0e-004)
1897.473 .... 1745 packets received, 1884 bps, 23.55%, Err 1418 (1.0e-004)
1900.777 .... 1748 packets received, 1884 bps, 23.55%, Err 1419 (1.0e-004)
1904.285 .... 1756 packets received, 1889 bps, 23.61%, Err 1421 (1.0e-004)
1907.004 .... 1761 packets received, 1891 bps, 23.64%, Err 1422 (1.0e-004)
1911.082 .... 1766 packets received, 1893 bps, 23.66%, Err 1424 (1.0e-004)
1914.382 .... 1771 packets received, 1895 bps, 23.69%, Err 1426 (1.0e-004)
1917.734 .... 1775 packets received, 1896 bps, 23.70%, Err 1428 (1.0e-004)
1919.869 .... 1778 packets received, 1897 bps, 23.71%, Err 1429 (1.0e-004)
1922.066 .... 1781 packets received, 1898 bps, 23.72%, Err 1429 (1.0e-004)
1924.568 .... 1784 packets received, 1899 bps, 23.73%, Err 1431 (1.0e-004)
1926.744 .... 1792 packets received, 1905 bps, 23.81%, Err 1431 (1.0e-004)
1930.533 .... 1798 packets received, 1908 bps, 23.85%, Err 1433 (1.0e-004)
1933.219 .... 1801 packets received, 1908 bps, 23.85%, Err 1436 (1.0e-004)
1936.525 .... 1805 packets received, 1909 bps, 23.86%, Err 1439 (1.0e-004)
1941.428 .... 1809 packets received, 1909 bps, 23.86%, Err 1444 (1.0e-004)
1944.067 .... 1812 packets received, 1909 bps, 23.86%, Err 1445 (1.0e-004)
1948.230 .... 1816 packets received, 1909 bps, 23.87%, Err 1449 (1.0e-004)
1956.682 .... 1823 packets received, 1908 bps, 23.85%, Err 1449 (1.0e-004)
1958.961 .... 1825 packets received, 1908 bps, 23.85%, Err 1451 (1.0e-004)
1961.112 .... 1828 packets received, 1909 bps, 23.87%, Err 1452 (1.0e-004)
1964.855 .... 1832 packets received, 1910 bps, 23.87%, Err 1454 (1.0e-004)
1967.545 .... 1835 packets received, 1910 bps, 23.88%, Err 1455 (1.0e-004)
1969.725 .... 1839 packets received, 1912 bps, 23.90%, Err 1457 (1.0e-004)
1972.404 .... 1841 packets received, 1912 bps, 23.90%, Err 1461 (1.0e-004)
1976.273 .... 1843 packets received, 1910 bps, 23.88%, Err 1465 (1.0e-004)
1979.294 .... 1844 packets received, 1908 bps, 23.85%, Err 1465 (1.0e-004)
1983.952 .... 1849 packets received, 1909 bps, 23.86%, Err 1470 (1.0e-004)
1991.268 .... 1850 packets received, 1903 bps, 23.79%, Err 1475 (1.0e-004)
1994.234 .... 1854 packets received, 1904 bps, 23.80%, Err 1476 (1.0e-004)
1997.786 .... 1857 packets received, 1904 bps, 23.80%, Err 1480 (1.0e-004)
1999.964 .... 1859 packets received, 1904 bps, 23.80%, Err 1482 (1.0e-004)
2002.659 .... 1862 packets received, 1904 bps, 23.81%, Err 1484 (1.0e-004)
2005.321 .... 1866 packets received, 1906 bps, 23.82%, Err 1486 (1.0e-004)
2007.448 .... 1869 packets received, 1907 bps, 23.84%, Err 1488 (1.0e-004)
2015.386 .... 1872 packets received, 1903 bps, 23.78%, Err 1498 (1.0e-004)
2018.555 .... 1877 packets received, 1905 bps, 23.81%, Err 1503 (1.0e-004)
2027.097 .... 1879 packets received, 1899 bps, 23.73%, Err 1507 (1.0e-004)
2032.751 .... 1886 packets received, 1900 bps, 23.76%, Err 1507 (1.0e-004)
2036.038 .... 1888 packets received, 1899 bps, 23.74%, Err 1510 (1.0e-004)
2039.851 .... 1892 packets received, 1900 bps, 23.75%, Err 1512 (1.0e-004)
2046.406 .... 1894 packets received, 1896 bps, 23.70%, Err 1517 (1.0e-004)
2049.614 .... 1898 packets received, 1897 bps, 23.71%, Err 1522 (1.0e-004)
2056.955 .... 1902 packets received, 1894 bps, 23.67%, Err 1525 (1.0e-004)
2062.089 .... 1904 packets received, 1891 bps, 23.64%, Err 1531 (1.0e-004)
2064.228 .... 1905 packets received, 1890 bps, 23.63%, Err 1532 (1.0e-004)
2075.054 .... 1909 packets received, 1884 bps, 23.55%, Err 1541 (1.0e-004)
2077.946 .... 1910 packets received, 1883 bps, 23.53%, Err 1543 (1.0e-004)
2084.477 .... 1916 packets received, 1883 bps, 23.53%, Err 1546 (1.0e-004)
2088.254 .... 1923 packets received, 1886 bps, 23.58%, Err 1548 (1.0e-004)
2091.513 .... 1927 packets received, 1887 bps, 23.59%, Err 1552 (1.0e-004)
2096.142 .... 1931 packets received, 1887 bps, 23.59%, Err 1555 (1.0e-004)
2099.172 .... 1932 packets received, 1885 bps, 23.56%, Err 1556 (1.0e-004)
2101.795 .... 1935 packets received, 1886 bps, 23.57%, Err 1559 (1.0e-004)
2106.800 .... 1938 packets received, 1884 bps, 23.55%, Err 1561 (1.0e-004)
2111.404 .... 1941 packets received, 1883 bps, 23.54%, Err 1566 (1.0e-004)
2114.325 .... 1944 packets received, 1883 bps, 23.54%, Err 1568 (1.0e-004)
2118.962 .... 1945 packets received, 1880 bps, 23.50%, Err 1572 (1.0e-004)
2122.771 .... 1952 packets received, 1883 bps, 23.54%, Err 1574 (1.0e-004)
2126.051 .... 1956 packets received, 1884 bps, 23.56%, Err 1576 (1.0e-004)
2128.201 .... 1959 packets received, 1885 bps, 23.57%, Err 1580 (1.0e-004)
2130.638 .... 1961 packets received, 1885 bps, 23.56%, Err 1582 (1.0e-004)
2132.823 .... 1965 packets received, 1887 bps, 23.59%, Err 1584 (1.0e-004)
2134.946 .... 1967 packets received, 1887 bps, 23.59%, Err 1588 (1.0e-004)
2137.728 .... 1968 packets received, 1886 bps, 23.57%, Err 1588 (1.0e-004)
2141.791 .... 1973 packets received, 1887 bps, 23.59%, Err 1589 (1.0e-004)
2145.672 .... 1975 packets received, 1885 bps, 23.57%, Err 1591 (1.0e-004)
2148.617 .... 1979 packets received, 1887 bps, 23.58%, Err 1594 (1.0e-004)
2153.022 .... 1982 packets received, 1886 bps, 23.57%, Err 1599 (1.0e-004)
2156.271 .... 1986 packets received, 1887 bps, 23.58%, Err 1600 (1.0e-004)
2159.814 .... 1989 packets received, 1886 bps, 23.58%, Err 1602 (1.0e-004)
2163.636 .... 1993 packets received, 1887 bps, 23.58%, Err 1605 (1.0e-004)
2165.738 .... 1995 packets received, 1887 bps, 23.58%, Err 1609 (1.0e-004)
2167.939 .... 1998 packets received, 1888 bps, 23.60%, Err 1613 (1.0e-004)
2172.313 .... 2000 packets received, 1886 bps, 23.57%, Err 1617 (1.0e-004)
2174.418 .... 2002 packets received, 1886 bps, 23.57%, Err 1619 (1.0e-004)
2176.572 .... 2004 packets received, 1886 bps, 23.57%, Err 1619 (1.0e-004)
2178.772 .... 2007 packets received, 1887 bps, 23.58%, Err 1623 (1.0e-004)
2182.497 .... 2009 packets received, 1885 bps, 23.57%, Err 1626 (1.0e-004)
2185.802 .... 2012 packets received, 1885 bps, 23.57%, Err 1628 (1.0e-004)
2188.004 .... 2013 packets received, 1884 bps, 23.56%, Err 1630 (1.0e-004)
2190.108 .... 2019 packets received, 1888 bps, 23.60%, Err 1630 (1.0e-004)
2198.411 .... 2020 packets received, 1882 bps, 23.53%, Err 1639 (1.0e-004)
2203.569 .... 2026 packets received, 1883 bps, 23.54%, Err 1644 (1.0e-004)
2207.639 .... 2029 packets received, 1883 bps, 23.53%, Err 1646 (1.0e-004)
2210.067 .... 2033 packets received, 1884 bps, 23.55%, Err 1650 (1.0e-004)
2213.032 .... 2036 packets received, 1884 bps, 23.56%, Err 1650 (1.0e-004)
2216.093 .... 2040 packets received, 1886 bps, 23.57%, Err 1651 (1.0e-004)
2218.265 .... 2048 packets received, 1891 bps, 23.64%, Err 1651 (1.0e-004)
2222.369 .... 2053 packets received, 1892 bps, 23.65%, Err 1653 (1.0e-004)
2225.689 .... 2057 packets received, 1893 bps, 23.66%, Err 1655 (1.0e-004)
2228.056 .... 2061 packets received, 1895 bps, 23.68%, Err 1656 (1.0e-004)
2232.224 .... 2064 packets received, 1894 bps, 23.67%, Err 1659 (1.0e-004)
2234.616 .... 2065 packets received, 1893 bps, 23.66%, Err 1662 (1.0e-004)
2240.064 .... 2067 packets received, 1890 bps, 23.63%, Err 1665 (1.0e-004)
2242.213 .... 2069 packets received, 1890 bps, 23.63%, Err 1670 (1.0e-004)
2245.730 .... 2071 packets received, 1889 bps, 23.61%, Err 1675 (1.0e-004)
2252.540 .... 2076 packets received, 1888 bps, 23.60%, Err 1678 (1.0e-004)
2257.478 .... 2081 packets received, 1888 bps, 23.60%, Err 1680 (1.0e-004)
2259.561 .... 2084 packets received, 1889 bps, 23.61%, Err 1682 (1.0e-004)
2263.169 .... 2086 packets received, 1888 bps, 23.60%, Err 1685 (1.0e-004)
2265.575 .... 2093 packets received, 1892 bps, 23.65%, Err 1686 (1.0e-004)
2267.726 .... 2096 packets received, 1893 bps, 23.66%, Err 1687 (1.0e-004)
2269.916 .... 2099 packets received, 1894 bps, 23.68%, Err 1688 (1.0e-004)
2272.376 .... 2103 packets received, 1896 bps, 23.69%, Err 1691 (1.0e-004)
2277.011 .... 2110 packets received, 1898 bps, 23.73%, Err 1692 (1.0e-004)
2279.386 .... 2114 packets received, 1900 bps, 23.75%, Err 1694 (1.0e-004)
2283.555 .... 2121 packets received, 1902 bps, 23.78%, Err 1697 (1.0e-004)
2289.130 .... 2122 packets received, 1899 bps, 23.73%, Err 1701 (1.0e-004)
2293.881 .... 2126 packets received, 1898 bps, 23.73%, Err 1707 (1.0e-004)
2302.758 .... 2129 packets received, 1894 bps, 23.67%, Err 1715 (1.0e-004)
2312.475 .... 2136 packets received, 1892 bps, 23.65%, Err 1723 (1.0e-004)
2314.634 .... 2144 packets received, 1897 bps, 23.72%, Err 1724 (1.0e-004)
2317.617 .... 2150 packets received, 1900 bps, 23.75%, Err 1725 (1.0e-004)
2319.721 .... 2157 packets received, 1905 bps, 23.81%, Err 1725 (1.0e-004)
2326.407 .... 2162 packets received, 1903 bps, 23.79%, Err 1728 (1.0e-004)
2335.154 .... 2169 packets received, 1903 bps, 23.78%, Err 1735 (1.0e-004)
2338.611 .... 2173 packets received, 1903 bps, 23.79%, Err 1737 (1.0e-004)
2341.002 .... 2177 packets received, 1905 bps, 23.81%, Err 1739 (1.0e-004)
2344.021 .... 2181 packets received, 1906 bps, 23.82%, Err 1741 (1.0e-004)
2346.171 .... 2184 packets received, 1907 bps, 23.83%, Err 1741 (1.0e-004)
2350.319 .... 2189 packets received, 1908 bps, 23.85%, Err 1743 (1.0e-004)
2355.804 .... 2194 packets received, 1908 bps, 23.84%, Err 1746 (1.0e-004)
2358.726 .... 2197 packets received, 1908 bps, 23.85%, Err 1748 (1.0e-004)
2362.020 .... 2201 packets received, 1909 bps, 23.86%, Err 1750 (1.0e-004)
2369.080 .... 2207 packets received, 1908 bps, 23.85%, Err 1758 (1.0e-004)
2372.819 .... 2210 packets received, 1908 bps, 23.85%, Err 1760 (1.0e-004)
2378.533 .... 2214 packets received, 1907 bps, 23.83%, Err 1764 (1.0e-004)
2382.079 .... 2217 packets received, 1906 bps, 23.83%, Err 1768 (1.0e-004)
2384.773 .... 2220 packets received, 1907 bps, 23.83%, Err 1771 (1.0e-004)
2387.976 .... 2223 packets received, 1907 bps, 23.83%, Err 1773 (1.0e-004)
2390.414 .... 2225 packets received, 1907 bps, 23.83%, Err 1774 (1.0e-004)
2393.373 .... 2230 packets received, 1908 bps, 23.86%, Err 1776 (1.0e-004)
2397.562 .... 2232 packets received, 1907 bps, 23.84%, Err 1778 (1.0e-004)
ts received, 4107 bps, 51.33%, Err 0 (0.0e+000)
1799.599 .... 3599 packets received, 4098 bps, 51.23%, Err 0 (0.0e+000)
1801.609 .... 3604 packets received, 4100 bps, 51.24%, Err 0 (0.0e+000)
1803.720 .... 3612 packets received, 4104 bps, 51.30%, Err 0 (0.0e+000)
1805.819 .... 3620 packets received, 4108 bps, 51.35%, Err 0 (0.0e+000)
1807.943 .... 3628 packets received, 4112 bps, 51.40%, Err 0 (0.0e+000)
1810.054 .... 3636 packets received, 4117 bps, 51.46%, Err 0 (0.0e+000)
1812.170 .... 3644 packets received, 4121 bps, 51.51%, Err 0 (0.0e+000)
1814.264 .... 3652 packets received, 4125 bps, 51.56%, Err 0 (0.0e+000)
1816.402 .... 3660 packets received, 4129 bps, 51.62%, Err 0 (0.0e+000)
1818.501 .... 3668 packets received, 4134 bps, 51.67%, Err 0 (0.0e+000)
1820.612 .... 3676 packets received, 4138 bps, 51.72%, Err 0 (0.0e+000)
1822.722 .... 3684 packets received, 4142 bps, 51.77%, Err 0 (0.0e+000)
1824.844 .... 3692 packets received, 4146 bps, 51.83%, Err 0 (0.0e+000)
1826.939 .... 3700 packets received, 4150 bps, 51.88%, Err 0 (0.0e+000)
1829.053 .... 3708 packets received, 4155 bps, 51.93%, Err 0 (0.0e+000)
1831.162 .... 3716 packets received, 4159 bps, 51.98%, Err 0 (0.0e+000)
1833.284 .... 3724 packets received, 4163 bps, 52.03%, Err 0 (0.0e+000)
1835.391 .... 3732 packets received, 4167 bps, 52.09%, Err 0 (0.0e+000)
1837.518 .... 3740 packets received, 4171 bps, 52.14%, Err 0 (0.0e+000)
1839.613 .... 3748 packets received, 4175 bps, 52.19%, Err 0 (0.0e+000)
1841.721 .... 3756 packets received, 4179 bps, 52.24%, Err 0 (0.0e+000)
1843.834 .... 3764 packets received, 4183 bps, 52.29%, Err 0 (0.0e+000)
1845.940 .... 3772 packets received, 4188 bps, 52.34%, Err 0 (0.0e+000)
1848.049 .... 3780 packets received, 4192 bps, 52.40%, Err 0 (0.0e+000)
1850.188 .... 3788 packets received, 4196 bps, 52.45%, Err 0 (0.0e+000)
1852.290 .... 3796 packets received, 4200 bps, 52.50%, Err 0 (0.0e+000)
1854.406 .... 3804 packets received, 4204 bps, 52.55%, Err 0 (0.0e+000)
1856.508 .... 3812 packets received, 4208 bps, 52.60%, Err 0 (0.0e+000)
1858.629 .... 3820 packets received, 4212 bps, 52.65%, Err 0 (0.0e+000)
1860.738 .... 3828 packets received, 4216 bps, 52.70%, Err 0 (0.0e+000)
1862.844 .... 3836 packets received, 4220 bps, 52.75%, Err 0 (0.0e+000)
1864.973 .... 3844 packets received, 4224 bps, 52.80%, Err 0 (0.0e+000)
1867.068 .... 3852 packets received, 4228 bps, 52.85%, Err 0 (0.0e+000)
1869.174 .... 3860 packets received, 4232 bps, 52.90%, Err 0 (0.0e+000)
1871.300 .... 3868 packets received, 4236 bps, 52.95%, Err 0 (0.0e+000)
1873.400 .... 3876 packets received, 4240 bps, 53.00%, Err 0 (0.0e+000)
1875.533 .... 3884 packets received, 4244 bps, 53.05%, Err 0 (0.0e+000)
1877.632 .... 3892 packets received, 4248 bps, 53.10%, Err 0 (0.0e+000)
1879.752 .... 3900 packets received, 4252 bps, 53.15%, Err 0 (0.0e+000)
1881.857 .... 3908 packets received, 4256 bps, 53.20%, Err 0 (0.0e+000)
1883.972 .... 3916 packets received, 4260 bps, 53.24%, Err 0 (0.0e+000)
1886.094 .... 3924 packets received, 4263 bps, 53.29%, Err 0 (0.0e+000)
1888.193 .... 3932 packets received, 4267 bps, 53.34%, Err 0 (0.0e+000)
1890.309 .... 3940 packets received, 4271 bps, 53.39%, Err 0 (0.0e+000)
1892.423 .... 3948 packets received, 4275 bps, 53.44%, Err 0 (0.0e+000)
1894.521 .... 3956 packets received, 4279 bps, 53.49%, Err 0 (0.0e+000)
1896.641 .... 3964 packets received, 4283 bps, 53.54%, Err 0 (0.0e+000)
1898.738 .... 3972 packets received, 4287 bps, 53.59%, Err 0 (0.0e+000)
1904.407 .... 3979 packets received, 4282 bps, 53.52%, Err 0 (0.0e+000)
1908.500 .... 3980 packets received, 4274 bps, 53.42%, Err 0 (0.0e+000)
1912.628 .... 3981 packets received, 4265 bps, 53.32%, Err 0 (0.0e+000)
1916.765 .... 3982 packets received, 4257 bps, 53.22%, Err 0 (0.0e+000)
1920.860 .... 3983 packets received, 4249 bps, 53.12%, Err 0 (0.0e+000)
1925.005 .... 3984 packets received, 4241 bps, 53.01%, Err 0 (0.0e+000)
1929.145 .... 3985 packets received, 4233 bps, 52.91%, Err 0 (0.0e+000)
1933.296 .... 3986 packets received, 4225 bps, 52.81%, Err 0 (0.0e+000)
1937.422 .... 3987 packets received, 4217 bps, 52.71%, Err 0 (0.0e+000)
1941.535 .... 3988 packets received, 4209 bps, 52.62%, Err 0 (0.0e+000)
1945.565 .... 3989 packets received, 4202 bps, 52.52%, Err 0 (0.0e+000)
1949.771 .... 3990 packets received, 4194 bps, 52.42%, Err 0 (0.0e+000)
1953.767 .... 3991 packets received, 4186 bps, 52.32%, Err 0 (0.0e+000)
1957.893 .... 3992 packets received, 4178 bps, 52.23%, Err 0 (0.0e+000)
1962.035 .... 3993 packets received, 4170 bps, 52.13%, Err 0 (0.0e+000)
1966.117 .... 3994 packets received, 4163 bps, 52.04%, Err 0 (0.0e+000)
1970.242 .... 3995 packets received, 4155 bps, 51.94%, Err 0 (0.0e+000)
1974.462 .... 3996 packets received, 4147 bps, 51.84%, Err 0 (0.0e+000)
1978.599 .... 3997 packets received, 4140 bps, 51.75%, Err 0 (0.0e+000)
1982.678 .... 3998 packets received, 4132 bps, 51.65%, Err 0 (0.0e+000)
1986.705 .... 3999 packets received, 4125 bps, 51.56%, Err 0 (0.0e+000)
1990.908 .... 4000 packets received, 4117 bps, 51.46%, Err 0 (0.0e+000)
1995.048 .... 4001 packets received, 4110 bps, 51.37%, Err 0 (0.0e+000)
1999.208 .... 4002 packets received, 4102 bps, 51.28%, Err 0 (0.0e+000)
2001.331 .... 4006 packets received, 4102 bps, 51.27%, Err 0 (0.0e+000)
2003.444 .... 4014 packets received, 4106 bps, 51.32%, Err 0 (0.0e+000)
2005.549 .... 4022 packets received, 4110 bps, 51.37%, Err 0 (0.0e+000)
2007.669 .... 4030 packets received, 4113 bps, 51.42%, Err 0 (0.0e+000)
2009.781 .... 4038 packets received, 4117 bps, 51.46%, Err 0 (0.0e+000)
2011.893 .... 4046 packets received, 4121 bps, 51.51%, Err 0 (0.0e+000)
2014.003 .... 4054 packets received, 4125 bps, 51.56%, Err 0 (0.0e+000)
2016.097 .... 4062 packets received, 4129 bps, 51.61%, Err 0 (0.0e+000)
2018.224 .... 4070 packets received, 4132 bps, 51.66%, Err 0 (0.0e+000)
2020.329 .... 4078 packets received, 4136 bps, 51.70%, Err 0 (0.0e+000)
2022.459 .... 4086 packets received, 4140 bps, 51.75%, Err 0 (0.0e+000)
2024.567 .... 4094 packets received, 4144 bps, 51.80%, Err 0 (0.0e+000)
2026.674 .... 4102 packets received, 4148 bps, 51.84%, Err 0 (0.0e+000)
2028.780 .... 4110 packets received, 4151 bps, 51.89%, Err 0 (0.0e+000)
2030.893 .... 4118 packets received, 4155 bps, 51.94%, Err 0 (0.0e+000)
2033.009 .... 4126 packets received, 4159 bps, 51.99%, Err 0 (0.0e+000)
2035.126 .... 4134 packets received, 4163 bps, 52.03%, Err 0 (0.0e+000)
2037.238 .... 4142 packets received, 4166 bps, 52.08%, Err 0 (0.0e+000)
2039.344 .... 4150 packets received, 4170 bps, 52.12%, Err 0 (0.0e+000)
2041.467 .... 4158 packets received, 4174 bps, 52.17%, Err 0 (0.0e+000)
2043.570 .... 4166 packets received, 4177 bps, 52.22%, Err 0 (0.0e+000)
2045.679 .... 4174 packets received, 4181 bps, 52.26%, Err 0 (0.0e+000)
2047.790 .... 4182 packets received, 4185 bps, 52.31%, Err 0 (0.0e+000)
2049.890 .... 4190 packets received, 4189 bps, 52.36%, Err 0 (0.0e+000)
2052.005 .... 4198 packets received, 4192 bps, 52.40%, Err 0 (0.0e+000)
2054.124 .... 4206 packets received, 4196 bps, 52.45%, Err 0 (0.0e+000)
2056.237 .... 4214 packets received, 4199 bps, 52.49%, Err 0 (0.0e+000)
2058.364 .... 4222 packets received, 4203 bps, 52.54%, Err 0 (0.0e+000)
2060.471 .... 4230 packets received, 4207 bps, 52.58%, Err 0 (0.0e+000)
2062.585 .... 4238 packets received, 4210 bps, 52.63%, Err 0 (0.0e+000)
2064.686 .... 4246 packets received, 4214 bps, 52.68%, Err 0 (0.0e+000)
2066.791 .... 4254 packets received, 4218 bps, 52.72%, Err 0 (0.0e+000)
2068.910 .... 4262 packets received, 4221 bps, 52.77%, Err 0 (0.0e+000)
2071.027 .... 4270 packets received, 4225 bps, 52.81%, Err 0 (0.0e+000)
2073.138 .... 4278 packets received, 4228 bps, 52.86%, Err 0 (0.0e+000)
2075.250 .... 4286 packets received, 4232 bps, 52.90%, Err 0 (0.0e+000)
2077.351 .... 4294 packets received, 4236 bps, 52.95%, Err 0 (0.0e+000)
2079.470 .... 4302 packets received, 4239 bps, 52.99%, Err 0 (0.0e+000)
2081.594 .... 4310 packets received, 4243 bps, 53.04%, Err 0 (0.0e+000)
2083.693 .... 4318 packets received, 4246 bps, 53.08%, Err 0 (0.0e+000)
2085.814 .... 4326 packets received, 4250 bps, 53.12%, Err 0 (0.0e+000)
2087.928 .... 4334 packets received, 4253 bps, 53.17%, Err 0 (0.0e+000)
2090.034 .... 4342 packets received, 4257 bps, 53.21%, Err 0 (0.0e+000)
2092.133 .... 4350 packets received, 4261 bps, 53.26%, Err 0 (0.0e+000)
2094.259 .... 4358 packets received, 4264 bps, 53.30%, Err 0 (0.0e+000)
2096.368 .... 4366 packets received, 4268 bps, 53.35%, Err 0 (0.0e+000)
2098.487 .... 4374 packets received, 4271 bps, 53.39%, Err 0 (0.0e+000)
2104.341 .... 4382 packets received, 4267 bps, 53.34%, Err 0 (0.0e+000)
2108.395 .... 4383 packets received, 4260 bps, 53.25%, Err 0 (0.0e+000)
2112.472 .... 4384 packets received, 4253 bps, 53.16%, Err 0 (0.0e+000)
2116.605 .... 4385 packets received, 4245 bps, 53.07%, Err 0 (0.0e+000)
2120.680 .... 4386 packets received, 4238 bps, 52.98%, Err 0 (0.0e+000)
2124.755 .... 4387 packets received, 4231 bps, 52.89%, Err 0 (0.0e+000)
2128.772 .... 4388 packets received, 4224 bps, 52.80%, Err 0 (0.0e+000)
2132.891 .... 4389 packets received, 4217 bps, 52.71%, Err 0 (0.0e+000)
2137.079 .... 4390 packets received, 4209 bps, 52.62%, Err 0 (0.0e+000)
2141.223 .... 4391 packets received, 4202 bps, 52.53%, Err 0 (0.0e+000)
2145.241 .... 4392 packets received, 4195 bps, 52.44%, Err 0 (0.0e+000)
2149.421 .... 4393 packets received, 4188 bps, 52.35%, Err 0 (0.0e+000)
2153.546 .... 4394 packets received, 4181 bps, 52.26%, Err 0 (0.0e+000)
40 (1.0e-005)
1727.462 .... 5627 packets received, 6672 bps, 83.40%, Err 140 (1.0e-005)
1729.636 .... 5635 packets received, 6673 bps, 83.42%, Err 140 (1.0e-005)
1731.789 .... 5642 packets received, 6673 bps, 83.42%, Err 140 (1.0e-005)
1733.976 .... 5650 packets received, 6674 bps, 83.43%, Err 140 (1.0e-005)
1736.127 .... 5657 packets received, 6674 bps, 83.43%, Err 140 (1.0e-005)
1738.281 .... 5665 packets received, 6675 bps, 83.44%, Err 140 (1.0e-005)
1740.458 .... 5668 packets received, 6671 bps, 83.38%, Err 141 (1.0e-005)
1742.614 .... 5676 packets received, 6672 bps, 83.40%, Err 141 (1.0e-005)
1744.799 .... 5684 packets received, 6673 bps, 83.41%, Err 141 (1.0e-005)
1746.962 .... 5692 packets received, 6674 bps, 83.42%, Err 141 (1.0e-005)
1749.146 .... 5700 packets received, 6675 bps, 83.44%, Err 141 (1.0e-005)
1751.252 .... 5707 packets received, 6675 bps, 83.44%, Err 141 (1.0e-005)
1753.440 .... 5715 packets received, 6676 bps, 83.45%, Err 141 (1.0e-005)
1755.597 .... 5723 packets received, 6677 bps, 83.47%, Err 141 (1.0e-005)
1757.759 .... 5731 packets received, 6678 bps, 83.48%, Err 141 (1.0e-005)
1759.933 .... 5739 packets received, 6679 bps, 83.49%, Err 141 (1.0e-005)
1762.109 .... 5747 packets received, 6680 bps, 83.51%, Err 141 (1.0e-005)
1764.279 .... 5755 packets received, 6682 bps, 83.52%, Err 141 (1.0e-005)
1766.454 .... 5763 packets received, 6683 bps, 83.53%, Err 141 (1.0e-005)
1769.433 .... 5769 packets received, 6678 bps, 83.48%, Err 142 (1.0e-005)
1771.589 .... 5777 packets received, 6679 bps, 83.49%, Err 142 (1.0e-005)
1773.766 .... 5785 packets received, 6680 bps, 83.51%, Err 142 (1.0e-005)
1775.913 .... 5793 packets received, 6682 bps, 83.52%, Err 142 (1.0e-005)
1778.092 .... 5801 packets received, 6683 bps, 83.53%, Err 143 (1.0e-005)
1780.223 .... 5804 packets received, 6678 bps, 83.48%, Err 143 (1.0e-005)
1782.431 .... 5812 packets received, 6679 bps, 83.49%, Err 143 (1.0e-005)
1784.572 .... 5819 packets received, 6679 bps, 83.49%, Err 143 (1.0e-005)
1786.730 .... 5827 packets received, 6680 bps, 83.50%, Err 143 (1.0e-005)
1788.901 .... 5835 packets received, 6681 bps, 83.51%, Err 143 (1.0e-005)
1792.423 .... 5843 packets received, 6677 bps, 83.46%, Err 144 (1.0e-005)
1794.600 .... 5851 packets received, 6678 bps, 83.48%, Err 144 (1.0e-005)
1796.754 .... 5859 packets received, 6679 bps, 83.49%, Err 144 (1.0e-005)
1798.929 .... 5867 packets received, 6680 bps, 83.50%, Err 144 (1.0e-005)
1801.097 .... 5875 packets received, 6681 bps, 83.52%, Err 144 (1.0e-005)
1803.259 .... 5878 packets received, 6677 bps, 83.46%, Err 145 (1.0e-005)
1805.421 .... 5886 packets received, 6678 bps, 83.47%, Err 145 (1.0e-005)
1807.582 .... 5894 packets received, 6679 bps, 83.49%, Err 145 (1.0e-005)
1809.742 .... 5901 packets received, 6679 bps, 83.49%, Err 145 (1.0e-005)
1811.915 .... 5909 packets received, 6680 bps, 83.50%, Err 145 (1.0e-005)
1814.092 .... 5917 packets received, 6681 bps, 83.51%, Err 145 (1.0e-005)
1816.253 .... 5925 packets received, 6682 bps, 83.53%, Err 145 (1.0e-005)
1818.438 .... 5933 packets received, 6683 bps, 83.54%, Err 146 (1.0e-005)
1820.848 .... 5934 packets received, 6675 bps, 83.44%, Err 146 (1.0e-005)
1823.040 .... 5942 packets received, 6676 bps, 83.45%, Err 147 (1.0e-005)
1825.190 .... 5950 packets received, 6677 bps, 83.47%, Err 147 (1.0e-005)
1827.359 .... 5958 packets received, 6678 bps, 83.48%, Err 147 (1.0e-005)
1829.532 .... 5966 packets received, 6679 bps, 83.49%, Err 147 (1.0e-005)
1831.690 .... 5974 packets received, 6681 bps, 83.51%, Err 147 (1.0e-005)
1833.862 .... 5982 packets received, 6682 bps, 83.52%, Err 147 (1.0e-005)
1836.032 .... 5990 packets received, 6683 bps, 83.53%, Err 147 (1.0e-005)
1838.220 .... 5998 packets received, 6684 bps, 83.54%, Err 147 (1.0e-005)
1840.365 .... 6005 packets received, 6684 bps, 83.54%, Err 148 (1.0e-005)
1843.136 .... 6006 packets received, 6675 bps, 83.43%, Err 148 (1.0e-005)
1845.271 .... 6014 packets received, 6676 bps, 83.45%, Err 148 (1.0e-005)
1847.441 .... 6022 packets received, 6677 bps, 83.46%, Err 148 (1.0e-005)
1851.546 .... 6027 packets received, 6667 bps, 83.34%, Err 148 (1.0e-005)
1853.707 .... 6035 packets received, 6669 bps, 83.36%, Err 148 (1.0e-005)
1855.865 .... 6043 packets received, 6670 bps, 83.37%, Err 148 (1.0e-005)
1859.391 .... 6051 packets received, 6666 bps, 83.32%, Err 149 (1.0e-005)
1861.563 .... 6059 packets received, 6667 bps, 83.34%, Err 149 (1.0e-005)
1863.724 .... 6067 packets received, 6668 bps, 83.35%, Err 149 (1.0e-005)
1865.896 .... 6075 packets received, 6669 bps, 83.36%, Err 149 (1.0e-005)
1868.056 .... 6078 packets received, 6664 bps, 83.31%, Err 150 (1.0e-005)
1870.231 .... 6086 packets received, 6665 bps, 83.32%, Err 150 (1.0e-005)
1872.638 .... 6094 packets received, 6666 bps, 83.32%, Err 150 (1.0e-005)
1874.817 .... 6102 packets received, 6667 bps, 83.33%, Err 150 (1.0e-005)
1876.977 .... 6110 packets received, 6668 bps, 83.35%, Err 150 (1.0e-005)
1879.156 .... 6118 packets received, 6669 bps, 83.36%, Err 150 (1.0e-005)
1881.316 .... 6126 packets received, 6670 bps, 83.37%, Err 150 (1.0e-005)
1883.485 .... 6134 packets received, 6671 bps, 83.38%, Err 150 (1.0e-005)
1885.640 .... 6137 packets received, 6666 bps, 83.33%, Err 151 (1.0e-005)
1887.816 .... 6145 packets received, 6667 bps, 83.34%, Err 151 (1.0e-005)
1889.974 .... 6153 packets received, 6668 bps, 83.36%, Err 151 (1.0e-005)
1892.161 .... 6161 packets received, 6669 bps, 83.37%, Err 151 (1.0e-005)
1894.310 .... 6168 packets received, 6669 bps, 83.37%, Err 151 (1.0e-005)
1896.482 .... 6176 packets received, 6670 bps, 83.38%, Err 151 (1.0e-005)
1898.637 .... 6184 packets received, 6671 bps, 83.39%, Err 151 (1.0e-005)
1900.814 .... 6192 packets received, 6672 bps, 83.41%, Err 151 (1.0e-005)
1902.987 .... 6200 packets received, 6673 bps, 83.42%, Err 151 (1.0e-005)
1905.128 .... 6207 packets received, 6673 bps, 83.42%, Err 151 (1.0e-005)
1907.299 .... 6215 packets received, 6674 bps, 83.43%, Err 151 (1.0e-005)
1909.487 .... 6223 packets received, 6675 bps, 83.44%, Err 151 (1.0e-005)
1911.630 .... 6231 packets received, 6676 bps, 83.46%, Err 151 (1.0e-005)
1914.080 .... 6235 packets received, 6672 bps, 83.40%, Err 153 (1.0e-005)
1916.774 .... 6240 packets received, 6668 bps, 83.35%, Err 153 (1.0e-005)
1919.014 .... 6247 packets received, 6668 bps, 83.35%, Err 153 (1.0e-005)
1921.182 .... 6255 packets received, 6669 bps, 83.36%, Err 153 (1.0e-005)
1923.358 .... 6263 packets received, 6670 bps, 83.37%, Err 153 (1.0e-005)
1926.858 .... 6271 packets received, 6666 bps, 83.33%, Err 154 (1.0e-005)
1929.051 .... 6279 packets received, 6667 bps, 83.34%, Err 154 (1.0e-005)
1931.212 .... 6287 packets received, 6668 bps, 83.35%, Err 154 (1.0e-005)
1933.382 .... 6295 packets received, 6669 bps, 83.36%, Err 154 (1.0e-005)
1935.540 .... 6303 packets received, 6670 bps, 83.38%, Err 154 (1.0e-005)
1937.733 .... 6311 packets received, 6671 bps, 83.39%, Err 154 (1.0e-005)
1940.954 .... 6318 packets received, 6667 bps, 83.34%, Err 155 (1.0e-005)
1943.127 .... 6326 packets received, 6668 bps, 83.35%, Err 155 (1.0e-005)
1945.298 .... 6333 packets received, 6668 bps, 83.35%, Err 155 (1.0e-005)
1948.875 .... 6337 packets received, 6660 bps, 83.25%, Err 156 (1.0e-005)
1951.050 .... 6345 packets received, 6661 bps, 83.27%, Err 157 (1.0e-005)
1953.227 .... 6353 packets received, 6662 bps, 83.28%, Err 157 (1.0e-005)
1955.385 .... 6361 packets received, 6663 bps, 83.29%, Err 157 (1.0e-005)
1957.549 .... 6369 packets received, 6664 bps, 83.30%, Err 157 (1.0e-005)
1959.713 .... 6377 packets received, 6665 bps, 83.32%, Err 158 (1.0e-005)
1962.439 .... 6382 packets received, 6661 bps, 83.27%, Err 159 (1.0e-005)
1964.596 .... 6390 packets received, 6662 bps, 83.28%, Err 159 (1.0e-005)
1966.779 .... 6398 packets received, 6663 bps, 83.29%, Err 160 (1.0e-005)
1968.940 .... 6406 packets received, 6664 bps, 83.30%, Err 160 (1.0e-005)
1971.083 .... 6413 packets received, 6664 bps, 83.30%, Err 160 (1.0e-005)
1973.246 .... 6421 packets received, 6665 bps, 83.31%, Err 160 (1.0e-005)
1975.419 .... 6429 packets received, 6666 bps, 83.33%, Err 160 (1.0e-005)
1977.590 .... 6437 packets received, 6667 bps, 83.34%, Err 161 (1.0e-005)
1979.744 .... 6445 packets received, 6668 bps, 83.35%, Err 162 (1.0e-005)
1981.907 .... 6448 packets received, 6664 bps, 83.30%, Err 162 (1.0e-005)
1984.097 .... 6456 packets received, 6665 bps, 83.31%, Err 162 (1.0e-005)
1986.255 .... 6464 packets received, 6666 bps, 83.32%, Err 162 (1.0e-005)
1988.413 .... 6472 packets received, 6667 bps, 83.34%, Err 162 (1.0e-005)
1990.588 .... 6480 packets received, 6668 bps, 83.35%, Err 162 (1.0e-005)
1992.752 .... 6488 packets received, 6669 bps, 83.36%, Err 162 (1.0e-005)
1994.928 .... 6496 packets received, 6670 bps, 83.37%, Err 162 (1.0e-005)
1997.092 .... 6504 packets received, 6671 bps, 83.38%, Err 162 (1.0e-005)
1999.267 .... 6512 packets received, 6672 bps, 83.40%, Err 162 (1.0e-005)
2001.426 .... 6520 packets received, 6673 bps, 83.41%, Err 162 (1.0e-005)
2003.591 .... 6528 packets received, 6674 bps, 83.42%, Err 162 (1.0e-005)
2005.762 .... 6536 packets received, 6675 bps, 83.43%, Err 162 (1.0e-005)
2007.938 .... 6544 packets received, 6675 bps, 83.44%, Err 162 (1.0e-005)
2010.079 .... 6551 packets received, 6676 bps, 83.44%, Err 162 (1.0e-005)
2012.232 .... 6559 packets received, 6677 bps, 83.46%, Err 162 (1.0e-005)
2014.414 .... 6567 packets received, 6677 bps, 83.47%, Err 162 (1.0e-005)
2016.573 .... 6575 packets received, 6678 bps, 83.48%, Err 162 (1.0e-005)
2018.742 .... 6583 packets received, 6679 bps, 83.49%, Err 162 (1.0e-005)
2022.596 .... 6587 packets received, 6671 bps, 83.38%, Err 163 (1.0e-005)
2024.754 .... 6595 packets received, 6672 bps, 83.40%, Err 163 (1.0e-005)
2026.908 .... 6603 packets received, 6673 bps, 83.41%, Err 163 (1.0e-005)
2029.075 .... 6611 packets received, 6674 bps, 83.42%, Err 163 (1.0e-005)
2031.239 .... 6619 packets received, 6675 bps, 83.43%, Err 163 (1.0e-005)
2033.390 .... 6626 packets received, 6675 bps, 83.43%, Err 163 (1.0e-005)
2035.573 .... 6634 packets received, 6675 bps, 83.44%, Err 163 (1.0e-005)
2037.738 .... 6642 packets received, 6676 bps, 83.45%, Err 163 (1.0e-005)
2039.904 .... 6650 packets received, 6677 bps, 83.47%, Err 163 (1.0e-005)
2042.063 .... 6658 packets received, 6678 bps, 83.48%, Err 163 (1.0e-005)
2044.235 .... 6666 packets received, 6679 bps, 83.49%, Err 163 (1.0e-005)
2046.408 .... 6674 packets received, 6680 bps, 83.50%, Err 163 (1.0e-005)
2048.561 .... 6682 packets received, 6681 bps, 83.51%, Err 163 (1.0e-005)
2050.758 .... 6690 packets received, 6682 bps, 83.52%, Err 163 (1.0e-005)
2052.922 .... 6697 packets received, 6682 bps, 83.52%, Err 163 (1.0e-005)
2055.085 .... 6705 packets received, 6683 bps, 83.53%, Err 163 (1.0e-005)
2057.253 .... 6713 packets received, 6684 bps, 83.55%, Err 164 (1.0e-005)
2059.402 .... 6716 packets received, 6680 bps, 83.50%, Err 164 (1.0e-005)
2061.590 .... 6724 packets received, 6681 bps, 83.51%, Err 164 (1.0e-005)
2064.276 .... 6729 packets received, 6677 bps, 83.46%, Err 165 (1.0e-005)
2066.444 .... 6734 packets received, 6675 bps, 83.44%, Err 166 (1.0e-005)
2068.627 .... 6742 packets received, 6676 bps, 83.45%, Err 166 (1.0e-005)
2070.796 .... 6750 packets received, 6677 bps, 83.46%, Err 166 (1.0e-005)
2072.966 .... 6758 packets received, 6678 bps, 83.47%, Err 166 (1.0e-005)
2076.485 .... 6766 packets received, 6674 bps, 83.43%, Err 167 (1.0e-005)
2078.642 .... 6774 packets received, 6675 bps, 83.44%, Err 167 (1.0e-005)
2080.824 .... 6782 packets received, 6676 bps, 83.45%, Err 167 (1.0e-005)
2082.984 .... 6790 packets received, 6677 bps, 83.46%, Err 167 (1.0e-005)
2085.158 .... 6798 packets received, 6678 bps, 83.47%, Err 167 (1.0e-005)
2087.335 .... 6806 packets received, 6679 bps, 83.48%, Err 167 (1.0e-005)
2089.500 .... 6814 packets received, 6680 bps, 83.49%, Err 167 (1.0e-005)
2092.433 .... 6817 packets received, 6673 bps, 83.41%, Err 168 (1.0e-005)
2094.601 .... 6825 packets received, 6674 bps, 83.43%, Err 168 (1.0e-005)
2096.751 .... 6833 packets received, 6675 bps, 83.44%, Err 168 (1.0e-005)
2098.914 .... 6841 packets received, 6676 bps, 83.45%, Err 168 (1.0e-005)
2101.090 .... 6849 packets received, 6677 bps, 83.46%, Err 168 (1.0e-005)
2103.249 .... 6852 packets received, 6673 bps, 83.41%, Err 169 (1.0e-005)
2105.402 .... 6860 packets received, 6674 bps, 83.42%, Err 169 (1.0e-005)
2107.591 .... 6868 packets received, 6675 bps, 83.43%, Err 169 (1.0e-005)
2111.094 .... 6876 packets received, 6671 bps, 83.39%, Err 170 (1.0e-005)
2113.266 .... 6884 packets received, 6672 bps, 83.40%, Err 170 (1.0e-005)
2115.410 .... 6892 packets received, 6673 bps, 83.42%, Err 170 (1.0e-005)
2117.596 .... 6900 packets received, 6674 bps, 83.43%, Err 170 (1.0e-005)
2119.776 .... 6908 packets received, 6675 bps, 83.44%, Err 170 (1.0e-005)
2121.924 .... 6916 packets received, 6676 bps, 83.45%, Err 170 (1.0e-005)
2124.100 .... 6924 packets received, 6677 bps, 83.46%, Err 170 (1.0e-005)
2126.261 .... 6932 packets received, 6678 bps, 83.47%, Err 170 (1.0e-005)
2128.432 .... 6940 packets received, 6679 bps, 83.48%, Err 170 (1.0e-005)
2130.609 .... 6948 packets received, 6679 bps, 83.49%, Err 170 (1.0e-005)
2132.763 .... 6956 packets received, 6680 bps, 83.51%, Err 170 (1.0e-005)
2134.943 .... 6964 packets received, 6681 bps, 83.52%, Err 170 (1.0e-005)
2137.114 .... 6972 packets received, 6682 bps, 83.53%, Err 170 (1.0e-005)
2139.282 .... 6980 packets received, 6683 bps, 83.54%, Err 170 (1.0e-005)
2141.440 .... 6988 packets received, 6684 bps, 83.55%, Err 170 (1.0e-005)
2143.597 .... 6995 packets received, 6684 bps, 83.55%, Err 170 (1.0e-005)
2146.580 .... 7002 packets received, 6681 bps, 83.52%, Err 171 (1.0e-005)
2148.767 .... 7010 packets received, 6682 bps, 83.53%, Err 171 (1.0e-005)
2150.903 .... 7017 packets received, 6682 bps, 83.53%, Err 171 (1.0e-005)
2153.097 .... 7025 packets received, 6683 bps, 83.54%, Err 171 (1.0e-005)
2155.269 .... 7033 packets received, 6684 bps, 83.55%, Err 171 (1.0e-005)
2157.445 .... 7041 packets received, 6685 bps, 83.56%, Err 171 (1.0e-005)
2159.590 .... 7049 packets received, 6686 bps, 83.57%, Err 171 (1.0e-005)
2161.774 .... 7057 packets received, 6686 bps, 83.58%, Err 171 (1.0e-005)
2163.922 .... 7065 packets received, 6687 bps, 83.59%, Err 171 (1.0e-005)
2166.090 .... 7073 packets received, 6688 bps, 83.60%, Err 171 (1.0e-005)
2168.271 .... 7081 packets received, 6689 bps, 83.61%, Err 172 (1.0e-005)
2170.432 .... 7089 packets received, 6690 bps, 83.62%, Err 172 (1.0e-005)
2172.602 .... 7097 packets received, 6691 bps, 83.64%, Err 172 (1.0e-005)
2174.773 .... 7100 packets received, 6687 bps, 83.59%, Err 173 (1.0e-005)
2176.942 .... 7108 packets received, 6688 bps, 83.60%, Err 173 (1.0e-005)
2179.112 .... 7116 packets received, 6689 bps, 83.61%, Err 173 (1.0e-005)
2182.353 .... 7123 packets received, 6685 bps, 83.57%, Err 174 (1.0e-005)
2184.535 .... 7131 packets received, 6686 bps, 83.58%, Err 174 (1.0e-005)
2186.705 .... 7139 packets received, 6687 bps, 83.59%, Err 175 (1.0e-005)
2188.821 .... 7146 packets received, 6687 bps, 83.59%, Err 175 (1.0e-005)
2191.004 .... 7154 packets received, 6688 bps, 83.60%, Err 175 (1.0e-005)
2193.438 .... 7157 packets received, 6683 bps, 83.54%, Err 176 (1.0e-005)
2195.616 .... 7165 packets received, 6684 bps, 83.55%, Err 176 (1.0e-005)
2197.764 .... 7168 packets received, 6680 bps, 83.50%, Err 177 (1.0e-005)
2199.947 .... 7176 packets received, 6681 bps, 83.52%, Err 177 (1.0e-005)
2202.121 .... 7184 packets received, 6682 bps, 83.53%, Err 177 (1.0e-005)
2206.153 .... 7191 packets received, 6676 bps, 83.45%, Err 178 (1.0e-005)
2208.317 .... 7199 packets received, 6677 bps, 83.47%, Err 179 (1.0e-005)
2210.490 .... 7207 packets received, 6678 bps, 83.48%, Err 179 (1.0e-005)
2212.616 .... 7214 packets received, 6678 bps, 83.48%, Err 179 (1.0e-005)
2214.785 .... 7222 packets received, 6679 bps, 83.49%, Err 179 (1.0e-005)
2216.952 .... 7230 packets received, 6680 bps, 83.50%, Err 179 (1.0e-005)
2219.412 .... 7238 packets received, 6680 bps, 83.50%, Err 180 (1.0e-005)
2221.559 .... 7241 packets received, 6676 bps, 83.45%, Err 180 (1.0e-005)
2223.731 .... 7249 packets received, 6677 bps, 83.46%, Err 180 (1.0e-005)
2225.887 .... 7257 packets received, 6678 bps, 83.47%, Err 180 (1.0e-005)
2228.074 .... 7265 packets received, 6679 bps, 83.48%, Err 180 (1.0e-005)
2230.238 .... 7273 packets received, 6680 bps, 83.49%, Err 180 (1.0e-005)
2232.403 .... 7281 packets received, 6680 bps, 83.51%, Err 180 (1.0e-005)
2237.266 .... 7289 packets received, 6673 bps, 83.42%, Err 182 (1.0e-005)
2239.452 .... 7292 packets received, 6669 bps, 83.37%, Err 183 (1.0e-005)
2241.604 .... 7300 packets received, 6670 bps, 83.38%, Err 183 (1.0e-005)
2243.782 .... 7308 packets received, 6671 bps, 83.39%, Err 183 (1.0e-005)
2245.957 .... 7316 packets received, 6672 bps, 83.40%, Err 183 (1.0e-005)
2248.125 .... 7324 packets received, 6673 bps, 83.41%, Err 183 (1.0e-005)
2250.285 .... 7332 packets received, 6674 bps, 83.42%, Err 183 (1.0e-005)
2252.442 .... 7340 packets received, 6675 bps, 83.43%, Err 183 (1.0e-005)
2254.629 .... 7348 packets received, 6675 bps, 83.44%, Err 184 (1.0e-005)
2256.767 .... 7351 packets received, 6672 bps, 83.40%, Err 184 (1.0e-005)
2258.959 .... 7359 packets received, 6673 bps, 83.41%, Err 184 (1.0e-005)
2261.132 .... 7367 packets received, 6673 bps, 83.42%, Err 184 (1.0e-005)
2263.268 .... 7374 packets received, 6673 bps, 83.42%, Err 184 (1.0e-005)
2265.447 .... 7382 packets received, 6674 bps, 83.43%, Err 184 (1.0e-005)
2268.677 .... 7389 packets received, 6671 bps, 83.39%, Err 185 (1.0e-005)
2270.854 .... 7397 packets received, 6672 bps, 83.40%, Err 185 (1.0e-005)
2273.018 .... 7405 packets received, 6673 bps, 83.41%, Err 185 (1.0e-005)
2275.192 .... 7413 packets received, 6674 bps, 83.42%, Err 185 (1.0e-005)
2277.353 .... 7421 packets received, 6674 bps, 83.43%, Err 185 (1.0e-005)
2279.532 .... 7429 packets received, 6675 bps, 83.44%, Err 185 (1.0e-005)
2281.692 .... 7437 packets received, 6676 bps, 83.45%, Err 185 (1.0e-005)
2283.857 .... 7445 packets received, 6677 bps, 83.46%, Err 185 (1.0e-005)
2286.019 .... 7453 packets received, 6678 bps, 83.47%, Err 185 (1.0e-005)
2288.184 .... 7461 packets received, 6679 bps, 83.48%, Err 185 (1.0e-005)
2291.430 .... 7468 packets received, 6675 bps, 83.44%, Err 186 (1.0e-005)
2293.620 .... 7476 packets received, 6676 bps, 83.45%, Err 186 (1.0e-005)
2296.314 .... 7481 packets received, 6673 bps, 83.41%, Err 187 (1.0e-005)
2298.507 .... 7489 packets received, 6674 bps, 83.42%, Err 187 (1.0e-005)
2300.675 .... 7497 packets received, 6674 bps, 83.43%, Err 187 (1.0e-005)
2302.780 .... 7504 packets received, 6675 bps, 83.43%, Err 187 (1.0e-005)
2305.232 .... 7512 packets received, 6675 bps, 83.43%, Err 187 (1.0e-005)
2307.395 .... 7520 packets received, 6675 bps, 83.44%, Err 187 (1.0e-005)
2309.575 .... 7528 packets received, 6676 bps, 83.45%, Err 187 (1.0e-005)
2311.719 .... 7531 packets received, 6673 bps, 83.41%, Err 188 (1.0e-005)
2313.900 .... 7539 packets received, 6673 bps, 83.42%, Err 188 (1.0e-005)
2316.076 .... 7547 packets received, 6674 bps, 83.43%, Err 188 (1.0e-005)
2318.242 .... 7555 packets received, 6675 bps, 83.44%, Err 188 (1.0e-005)
2320.412 .... 7563 packets received, 6676 bps, 83.45%, Err 188 (1.0e-005)
2322.579 .... 7571 packets received, 6677 bps, 83.46%, Err 188 (1.0e-005)
2324.737 .... 7579 packets received, 6678 bps, 83.47%, Err 188 (1.0e-005)
2326.909 .... 7587 packets received, 6678 bps, 83.48%, Err 188 (1.0e-005)
2329.064 .... 7595 packets received, 6679 bps, 83.49%, Err 188 (1.0e-005)
2331.262 .... 7603 packets received, 6680 bps, 83.50%, Err 188 (1.0e-005)
2333.409 .... 7610 packets received, 6680 bps, 83.50%, Err 188 (1.0e-005)
2336.644 .... 7617 packets received, 6677 bps, 83.46%, Err 189 (1.0e-005)
2338.809 .... 7621 packets received, 6674 bps, 83.43%, Err 190 (1.0e-005)
2340.973 .... 7629 packets received, 6675 bps, 83.44%, Err 190 (1.0e-005)
2343.156 .... 7637 packets received, 6676 bps, 83.45%, Err 190 (1.0e-005)
2345.315 .... 7645 packets received, 6677 bps, 83.46%, Err 190 (1.0e-005)
2347.489 .... 7653 packets received, 6677 bps, 83.47%, Err 190 (1.0e-005)
2349.649 .... 7661 packets received, 6678 bps, 83.48%, Err 190 (1.0e-005)
2351.819 .... 7669 packets received, 6679 bps, 83.49%, Err 190 (1.0e-005)
2354.274 .... 7677 packets received, 6679 bps, 83.49%, Err 190 (1.0e-005)
2356.713 .... 7681 packets received, 6676 bps, 83.45%, Err 192 (1.0e-005)
2359.094 .... 7685 packets received, 6672 bps, 83.40%, Err 193 (1.0e-005)
2361.303 .... 7692 packets received, 6672 bps, 83.40%, Err 193 (1.0e-005)
2363.439 .... 7699 packets received, 6672 bps, 83.40%, Err 193 (1.0e-005)
2365.600 .... 7707 packets received, 6673 bps, 83.41%, Err 193 (1.0e-005)
2367.769 .... 7715 packets received, 6674 bps, 83.42%, Err 193 (1.0e-005)
2369.946 .... 7723 packets received, 6675 bps, 83.43%, Err 194 (1.0e-005)
2372.086 .... 7726 packets received, 6671 bps, 83.39%, Err 194 (1.0e-005)
2374.272 .... 7734 packets received, 6672 bps, 83.40%, Err 194 (1.0e-005)
2376.432 .... 7742 packets received, 6673 bps, 83.41%, Err 194 (1.0e-005)
2378.607 .... 7745 packets received, 6669 bps, 83.37%, Err 195 (1.0e-005)
2380.783 .... 7753 packets received, 6670 bps, 83.38%, Err 195 (1.0e-005)
2382.955 .... 7761 packets received, 6671 bps, 83.39%, Err 195 (1.0e-005)
2385.114 .... 7769 packets received, 6672 bps, 83.40%, Err 195 (1.0e-005)
2388.640 .... 7777 packets received, 6669 bps, 83.36%, Err 196 (1.0e-005)
2390.791 .... 7785 packets received, 6670 bps, 83.37%, Err 196 (1.0e-005)
2392.958 .... 7793 packets received, 6670 bps, 83.38%, Err 197 (1.0e-005)
2395.108 .... 7796 packets received, 6667 bps, 83.34%, Err 197 (1.0e-005)
2397.297 .... 7804 packets received, 6668 bps, 83.35%, Err 197 (1.0e-005)
2399.448 .... 7812 packets received, 6669 bps, 83.36%, Err 197 (1.0e-005)
2401.634 .... 7820 packets received, 6669 bps, 83.37%, Err 197 (1.0e-005)
2403.801 .... 7828 packets received, 6670 bps, 83.38%, Err 197 (1.0e-005)
2405.968 .... 7836 packets received, 6671 bps, 83.39%, Err 197 (1.0e-005)
2408.135 .... 7844 packets received, 6672 bps, 83.40%, Err 197 (1.0e-005)
2410.309 .... 7852 packets received, 6672 bps, 83.41%, Err 197 (1.0e-005)
2412.470 .... 7860 packets received, 6673 bps, 83.42%, Err 197 (1.0e-005)
2414.644 .... 7868 packets received, 6674 bps, 83.43%, Err 197 (1.0e-005)
2416.820 .... 7876 packets received, 6675 bps, 83.44%, Err 197 (1.0e-005)
2418.966 .... 7884 packets received, 6676 bps, 83.45%, Err 197 (1.0e-005)
2421.155 .... 7892 packets received, 6676 bps, 83.46%, Err 197 (1.0e-005)
2423.321 .... 7900 packets received, 6677 bps, 83.47%, Err 197 (1.0e-005)
2425.477 .... 7903 packets received, 6674 bps, 83.42%, Err 199 (1.0e-005)
2427.641 .... 7906 packets received, 6670 bps, 83.38%, Err 199 (1.0e-005)
2431.777 .... 7911 packets received, 6663 bps, 83.29%, Err 199 (1.0e-005)
2433.883 .... 7919 packets received, 6664 bps, 83.30%, Err 199 (1.0e-005)
2435.997 .... 7927 packets received, 6665 bps, 83.31%, Err 200 (1.0e-005)
